2023-01-01 05:20:16,094 | SongBoardService | INFO | succeed to do 'GetAllPost()'
2023-01-01 05:20:16,113 | SongBoardService | INFO | succeed to do 'GetReadPost('hi', 'szdfgadsherqher')'
2023-01-01 05:20:59,160 | SongBoardService | INFO | succeed to do 'GetAllPost()'
2023-01-01 05:20:59,180 | SongBoardService | INFO | succeed to do 'GetReadPost('hi', '2023-01-01 14:18:31')'
2023-01-01 05:20:59,241 | SongBoardService | INFO | succeed to do 'GetNickName('hi')'
2023-01-01 05:21:00,932 | SongBoardService | INFO | succeed to do 'GetAllPost()'
2023-01-01 05:21:00,950 | SongBoardService | INFO | succeed to do 'GetReadPost('hi', '2023-01-01 14:18:31')'
2023-01-01 05:21:16,396 | SongBoardService | INFO | succeed to do 'GetAllPost()'
2023-01-01 05:21:16,416 | SongBoardService | INFO | succeed to do 'GetUpdatePost('hi', 'szdfgadsherqher', 'oiqweurpoiu093478510-93278409tuerfdsl;gj', '2023-01-01 14:18:31')'
2023-01-01 05:21:17,584 | SongBoardService | INFO | succeed to do 'GetAllPost()'
2023-01-01 05:21:17,602 | SongBoardService | INFO | succeed to do 'GetReadPost('hi', '2023-01-01 14:18:31')'
2023-01-01 05:21:17,663 | SongBoardService | INFO | succeed to do 'GetNickName('hi')'
2023-01-01 05:21:25,207 | SongBoardService | INFO | succeed to do 'GetAllPost()'
2023-01-01 05:21:25,224 | SongBoardService | INFO | succeed to do 'GetReadPost('hi', '2023-01-01 14:18:31')'
2023-01-01 05:21:26,040 | SongBoardService | INFO | succeed to do 'GetAllPost()'
2023-01-01 05:21:26,060 | SongBoardService | INFO | succeed to do 'GetDeletePost('hi', '2023-01-01 14:18:31')'
2023-01-01 05:21:27,380 | SongBoardService | INFO | succeed to do 'GetAllPost()'
2023-01-01 05:21:37,504 | SongBoardService | INFO | succeed to do 'GetAllPost()'
2023-01-01 05:21:39,583 | SongBoardService | INFO | succeed to do 'GetAllPost()'
2023-01-01 05:23:15,747 | SongBoardService | INFO | succeed to do 'GetAllPost()'
2023-01-01 05:23:17,157 | SongBoardService | INFO | succeed to do 'GetAllPost()'
2023-01-01 05:23:20,003 | SongBoardService | INFO | succeed to do 'GetAllPost()'
2023-01-01 05:23:21,000 | SongBoardService | INFO | succeed to do 'GetAllPost()'
2023-01-01 05:23:25,936 | SongBoardService | INFO | succeed to do 'GetAllPost()'
2023-01-01 05:23:25,975 | SongBoardService | INFO | succeed to do 'GetReadPost('hi', '2023-01-01 14:16:26')'
2023-01-01 05:23:26,034 | SongBoardService | INFO | succeed to do 'GetNickName('hi')'
2023-01-01 05:23:27,869 | SongBoardService | INFO | succeed to do 'GetAllPost()'
2023-01-01 05:23:27,885 | SongBoardService | INFO | succeed to do 'GetReadPost('hi', '2023-01-01 14:16:26')'
2023-01-01 05:23:30,389 | SongBoardService | INFO | succeed to do 'GetAllPost()'
2023-01-01 05:23:30,407 | SongBoardService | INFO | succeed to do 'GetUpdatePost('hi', 'hi', 'hiasdfasdfgasdgs', '2023-01-01 14:16:26')'
2023-01-01 05:23:31,688 | SongBoardService | INFO | succeed to do 'GetAllPost()'
2023-01-01 05:23:31,704 | SongBoardService | INFO | succeed to do 'GetReadPost('hi', '2023-01-01 14:16:26')'
2023-01-01 05:23:31,768 | SongBoardService | INFO | succeed to do 'GetNickName('hi')'
2023-01-01 05:23:44,441 | SongBoardService | INFO | succeed to do 'GetAllPost()'
2023-01-01 05:23:45,921 | SongBoardService | INFO | succeed to do 'GetAllPost()'
2023-01-01 05:23:45,939 | SongBoardService | INFO | succeed to do 'GetReadPost('Admin', '2023-01-01 01:14:53')'
2023-01-01 05:23:46,054 | SongBoardService | INFO | succeed to do 'GetNickName('hi')'
2023-01-01 05:27:35,456 | SongBoardService | INFO | succeed to do 'GetAllPost()'
2023-01-01 05:27:37,703 | SongBoardService | INFO | succeed to do 'GetAllPost()'
2023-01-01 05:27:38,973 | SongBoardService | INFO | succeed to do 'GetAllPost()'
2023-01-01 05:27:38,992 | SongBoardService | INFO | succeed to do 'GetReadPost('Admin', '2023-01-01 01:14:53')'
2023-01-01 05:27:39,052 | SongBoardService | INFO | succeed to do 'GetNickName('hi')'
2023-01-01 05:27:41,154 | SongBoardService | INFO | succeed to do 'GetAllPost()'
2023-01-01 05:27:42,368 | SongBoardService | INFO | succeed to do 'GetAllPost()'
2023-01-01 05:27:42,385 | SongBoardService | INFO | succeed to do 'GetReadPost('hi', '2022-12-31 22:32:35')'
2023-01-01 05:27:42,446 | SongBoardService | INFO | succeed to do 'GetNickName('hi')'
2023-01-01 05:27:44,561 | SongBoardService | INFO | succeed to do 'GetAllPost()'
2023-01-01 05:27:44,578 | SongBoardService | INFO | succeed to do 'GetReadPost('hi', '2022-12-31 22:32:35')'
2023-01-01 05:27:47,050 | SongBoardService | INFO | succeed to do 'GetAllPost()'
2023-01-01 05:27:47,067 | SongBoardService | INFO | succeed to do 'GetReadPost('hi', '2022-12-31 22:32:35')'
2023-01-01 05:27:47,129 | SongBoardService | INFO | succeed to do 'GetNickName('hi')'
2023-01-01 05:27:48,480 | SongBoardService | INFO | succeed to do 'GetAllPost()'
2023-01-01 05:27:48,497 | SongBoardService | INFO | succeed to do 'GetReadPost('hi', '2022-12-31 22:32:35')'
2023-01-01 05:27:52,475 | SongBoardService | INFO | succeed to do 'GetAllPost()'
2023-01-01 05:27:52,498 | SongBoardService | INFO | succeed to do 'GetUpdatePost('hi', '"55억 집" 박나래, 100만원 샴페인·트러플 라면 "럭셔리 홈파티"', '"55억 집" 박나래, 100만원 샴페인·트러플 라면 "럭셔리 홈파티" 1', '2022-12-31 22:32:35')'
2023-01-01 05:27:53,710 | SongBoardService | INFO | succeed to do 'GetAllPost()'
2023-01-01 05:27:53,729 | SongBoardService | INFO | succeed to do 'GetReadPost('hi', '2022-12-31 22:32:35')'
2023-01-01 05:27:53,791 | SongBoardService | INFO | succeed to do 'GetNickName('hi')'
2023-01-01 05:27:57,907 | SongBoardService | INFO | succeed to do 'GetAllPost()'
2023-01-01 05:27:57,925 | SongBoardService | INFO | succeed to do 'GetReadPost('hi', '2022-12-31 22:32:35')'
2023-01-01 05:27:57,986 | SongBoardService | INFO | succeed to do 'GetNickName('hi')'
2023-01-01 05:31:59,820 | SongBoardService | INFO | succeed to do 'GetAllPost()'
2023-01-01 05:32:19,130 | SongBoardService | INFO | succeed to do 'GetLoginCheck('hi')'
2023-01-01 05:33:52,407 | SongBoardService | INFO | succeed to do 'GetAllPost()'
2023-01-01 05:33:56,354 | SongBoardService | INFO | succeed to do 'GetAllPost()'
2023-01-01 05:33:56,601 | SongBoardService | INFO | succeed to do 'GetReadPost('Admin', '오~~~')'
2023-01-01 05:34:11,722 | SongBoardService | INFO | succeed to do 'GetAllPost()'
2023-01-01 05:34:11,841 | SongBoardService | INFO | succeed to do 'GetReadPost('hi', '"55억 집" 박나래, 100만원 샴페인·트러플 라면 "럭셔리 홈파티"')'
2023-01-01 05:34:15,111 | SongBoardService | INFO | succeed to do 'GetAllPost()'
2023-01-01 05:34:15,221 | SongBoardService | INFO | succeed to do 'GetReadPost('Admin', '운영자 송강산이는 보아라.')'
2023-01-01 05:34:24,182 | SongBoardService | INFO | succeed to do 'GetAllPost()'
2023-01-01 05:34:25,144 | SongBoardService | INFO | succeed to do 'GetAllPost()'
2023-01-01 05:34:25,258 | SongBoardService | INFO | succeed to do 'GetReadPost('Admin', '운영자 송강산이는 보아라.')'
2023-01-01 05:35:04,830 | SongBoardService | INFO | succeed to do 'GetAllPost()'
2023-01-01 05:35:04,937 | SongBoardService | INFO | succeed to do 'GetReadPost('hi', '2023-01-01 14:16:26')'
2023-01-01 05:35:15,658 | SongBoardService | INFO | succeed to do 'GetLoginCheck('hi')'
2023-01-01 05:35:17,009 | SongBoardService | INFO | succeed to do 'GetAllPost()'
2023-01-01 05:35:20,161 | SongBoardService | INFO | succeed to do 'GetAllPost()'
2023-01-01 05:35:20,254 | SongBoardService | INFO | succeed to do 'GetReadPost('Admin', '2023-01-01 01:14:53')'
2023-01-01 05:35:20,315 | SongBoardService | INFO | succeed to do 'GetNickName('hi')'
2023-01-01 05:35:23,995 | SongBoardService | INFO | succeed to do 'GetAllPost()'
2023-01-01 05:35:24,993 | SongBoardService | INFO | succeed to do 'GetAllPost()'
2023-01-01 05:35:25,097 | SongBoardService | INFO | succeed to do 'GetReadPost('Admin', '2023-01-01 10:02:37')'
2023-01-01 05:35:25,164 | SongBoardService | INFO | succeed to do 'GetNickName('hi')'
2023-01-01 05:35:25,978 | SongBoardService | INFO | succeed to do 'GetAllPost()'
2023-01-01 05:35:28,446 | SongBoardService | INFO | succeed to do 'GetAllPost()'
2023-01-01 05:35:28,545 | SongBoardService | INFO | succeed to do 'GetReadPost('hi', '2023-01-01 14:16:26')'
2023-01-01 05:35:28,606 | SongBoardService | INFO | succeed to do 'GetNickName('hi')'
2023-01-01 05:35:51,944 | SongBoardService | INFO | succeed to do 'GetAllPost()'
2023-01-01 05:35:51,963 | SongBoardService | INFO | succeed to do 'GetReadPost('Admin', '2023-01-01 10:02:37')'
2023-01-01 05:35:52,024 | SongBoardService | INFO | succeed to do 'GetNickName('hi')'
2023-01-01 05:35:54,486 | SongBoardService | INFO | succeed to do 'GetAllPost()'
2023-01-01 05:35:54,503 | SongBoardService | INFO | succeed to do 'GetReadPost('Admin', '2023-01-01 10:02:37')'
2023-01-01 05:35:54,563 | SongBoardService | INFO | succeed to do 'GetNickName('hi')'
2023-01-01 05:35:55,096 | SongBoardService | INFO | succeed to do 'GetAllPost()'
2023-01-01 05:35:55,113 | SongBoardService | INFO | succeed to do 'GetReadPost('Admin', '2023-01-01 10:02:37')'
2023-01-01 05:35:55,174 | SongBoardService | INFO | succeed to do 'GetNickName('hi')'
2023-01-01 05:35:58,267 | SongBoardService | INFO | succeed to do 'GetAllPost()'
2023-01-01 05:35:58,364 | SongBoardService | INFO | succeed to do 'GetAllPost()'
2023-01-01 05:35:58,383 | SongBoardService | INFO | succeed to do 'GetReadPost('Admin', '2023-01-01 10:02:37')'
2023-01-01 05:35:58,442 | SongBoardService | INFO | succeed to do 'GetNickName('hi')'
2023-01-01 05:36:01,502 | SongBoardService | INFO | succeed to do 'GetAllPost()'
2023-01-01 05:36:01,597 | SongBoardService | INFO | succeed to do 'GetAllPost()'
2023-01-01 05:36:01,614 | SongBoardService | INFO | succeed to do 'GetReadPost('Admin', '2023-01-01 01:14:53')'
2023-01-01 05:36:01,675 | SongBoardService | INFO | succeed to do 'GetNickName('hi')'
2023-01-01 05:36:04,852 | SongBoardService | INFO | succeed to do 'GetAllPost()'
2023-01-01 05:36:04,957 | SongBoardService | INFO | succeed to do 'GetAllPost()'
2023-01-01 05:36:04,974 | SongBoardService | INFO | succeed to do 'GetReadPost('hi', '2022-12-31 22:03:27')'
2023-01-01 05:36:05,037 | SongBoardService | INFO | succeed to do 'GetNickName('hi')'
2023-01-01 05:36:07,085 | SongBoardService | INFO | succeed to do 'GetAllPost()'
2023-01-01 05:36:07,843 | SongBoardService | INFO | succeed to do 'GetAllPost()'
2023-01-01 05:36:16,114 | SongBoardService | INFO | succeed to do 'GetAllPost()'
2023-01-01 05:36:16,280 | SongBoardService | INFO | succeed to do 'GetAllPost()'
2023-01-01 05:36:17,034 | SongBoardService | INFO | succeed to do 'GetAllPost()'
2023-01-01 05:36:17,051 | SongBoardService | INFO | succeed to do 'GetReadPost('hi', '2023-01-01 14:16:26')'
2023-01-01 05:36:17,109 | SongBoardService | INFO | succeed to do 'GetNickName('hi')'
2023-01-01 05:36:18,702 | SongBoardService | INFO | succeed to do 'GetAllPost()'
2023-01-01 05:36:19,318 | SongBoardService | INFO | succeed to do 'GetAllPost()'
2023-01-01 05:36:19,336 | SongBoardService | INFO | succeed to do 'GetReadPost('Admin', '2023-01-01 10:02:37')'
2023-01-01 05:36:19,397 | SongBoardService | INFO | succeed to do 'GetNickName('hi')'
2023-01-01 05:36:20,327 | SongBoardService | INFO | succeed to do 'GetAllPost()'
2023-01-01 05:36:21,125 | SongBoardService | INFO | succeed to do 'GetAllPost()'
2023-01-01 05:36:21,142 | SongBoardService | INFO | succeed to do 'GetReadPost('hi', '2022-12-31 21:57:28')'
2023-01-01 05:36:21,204 | SongBoardService | INFO | succeed to do 'GetNickName('hi')'
2023-01-01 05:36:22,356 | SongBoardService | INFO | succeed to do 'GetAllPost()'
2023-01-01 05:36:24,334 | SongBoardService | INFO | succeed to do 'GetAllPost()'
2023-01-01 05:36:24,352 | SongBoardService | INFO | succeed to do 'GetReadPost('hi', '2023-01-01 14:16:26')'
2023-01-01 05:36:24,412 | SongBoardService | INFO | succeed to do 'GetNickName('hi')'
2023-01-01 05:37:24,832 | SongBoardService | INFO | succeed to do 'GetAllPost()'
2023-01-01 05:37:24,850 | SongBoardService | INFO | succeed to do 'GetReadPost('Admin', '2023-01-01 01:14:53')'
2023-01-01 05:37:24,910 | SongBoardService | INFO | succeed to do 'GetNickName('hi')'
2023-01-01 06:10:51,990 | SongBoardService | INFO | succeed to do 'GetAllComment()'
2023-01-01 06:10:52,056 | SongBoardService | INFO | succeed to do 'GetNickName('hi')'
2023-01-01 06:10:53,859 | SongBoardService | INFO | succeed to do 'GetAllPost()'
2023-01-01 06:10:54,776 | SongBoardService | INFO | succeed to do 'GetAllComment()'
2023-01-01 06:10:54,838 | SongBoardService | INFO | succeed to do 'GetNickName('hi')'
2023-01-01 06:11:13,762 | SongBoardService | INFO | succeed to do 'GetAllComment()'
2023-01-01 06:11:13,826 | SongBoardService | INFO | succeed to do 'GetNickName('hi')'
2023-01-01 06:11:14,485 | SongBoardService | INFO | succeed to do 'GetAllPost()'
2023-01-01 06:11:15,680 | SongBoardService | INFO | succeed to do 'GetAllComment()'
2023-01-01 06:11:15,741 | SongBoardService | INFO | succeed to do 'GetNickName('hi')'
2023-01-01 06:11:16,819 | SongBoardService | INFO | succeed to do 'GetAllComment()'
2023-01-01 06:11:16,879 | SongBoardService | INFO | succeed to do 'GetNickName('hi')'
2023-01-01 06:11:52,541 | SongBoardService | INFO | succeed to do 'GetAllPost()'
2023-01-01 06:11:53,186 | SongBoardService | INFO | succeed to do 'GetAllPost()'
2023-01-01 06:11:53,204 | SongBoardService | INFO | succeed to do 'GetReadPost('Admin', '2023-01-01 01:14:53')'
2023-01-01 06:11:53,265 | SongBoardService | INFO | succeed to do 'GetNickName('hi')'
2023-01-01 06:11:53,326 | SongBoardService | INFO | succeed to do 'GetAllComment()'
2023-01-01 06:11:58,123 | SongBoardService | INFO | succeed to do 'GetAllPost()'
2023-01-01 06:12:05,841 | SongBoardService | INFO | succeed to do 'GetAllPost()'
2023-01-01 06:12:05,860 | SongBoardService | INFO | succeed to do 'GetReadPost('Admin', '2023-01-01 01:14:53')'
2023-01-01 06:12:05,920 | SongBoardService | INFO | succeed to do 'GetNickName('hi')'
2023-01-01 06:12:05,982 | SongBoardService | INFO | succeed to do 'GetAllComment()'
2023-01-01 06:13:17,744 | SongBoardService | INFO | succeed to do 'GetAllPost()'
2023-01-01 06:13:17,764 | SongBoardService | INFO | succeed to do 'GetReadPost('Admin', '2023-01-01 01:14:53')'
2023-01-01 06:13:17,825 | SongBoardService | INFO | succeed to do 'GetNickName('hi')'
2023-01-01 06:13:17,886 | SongBoardService | INFO | succeed to do 'GetAllComment()'
2023-01-01 06:13:20,313 | SongBoardService | INFO | succeed to do 'GetAllPost()'
2023-01-01 06:13:20,329 | SongBoardService | INFO | succeed to do 'GetNickName('hi')'
2023-01-01 06:13:20,390 | SongBoardService | INFO | succeed to do 'GetCreatComment('Admin', '2023-01-01 01:14:53', 'hi', 'ㄴㅇㅁㄹㄴㅁㅇㄹ', '2023-01-01 15:13:20')'
2023-01-01 06:13:20,482 | SongBoardService | INFO | succeed to do 'GetAllPost()'
2023-01-01 06:13:20,498 | SongBoardService | INFO | succeed to do 'GetReadPost('Admin', '2023-01-01 01:14:53')'
2023-01-01 06:13:20,558 | SongBoardService | INFO | succeed to do 'GetNickName('hi')'
2023-01-01 06:13:20,619 | SongBoardService | INFO | succeed to do 'GetAllComment()'
2023-01-01 06:13:20,681 | SongBoardService | INFO | succeed to do 'GetNickName('hi')'
2023-01-01 06:13:27,651 | SongBoardService | INFO | succeed to do 'GetAllPost()'
2023-01-01 06:13:27,668 | SongBoardService | INFO | succeed to do 'GetNickName('hi')'
2023-01-01 06:13:27,737 | SongBoardService | INFO | succeed to do 'GetCreatComment('Admin', '2023-01-01 01:14:53', 'hi', 'ㅇㄴ롱ㄴ로ㅜㅇㄹ노', '2023-01-01 15:13:28')'
2023-01-01 06:13:27,828 | SongBoardService | INFO | succeed to do 'GetAllPost()'
2023-01-01 06:13:27,845 | SongBoardService | INFO | succeed to do 'GetReadPost('Admin', '2023-01-01 01:14:53')'
2023-01-01 06:13:27,907 | SongBoardService | INFO | succeed to do 'GetNickName('hi')'
2023-01-01 06:13:27,968 | SongBoardService | INFO | succeed to do 'GetAllComment()'
2023-01-01 06:13:28,028 | SongBoardService | INFO | succeed to do 'GetNickName('hi')'
2023-01-01 06:13:28,088 | SongBoardService | INFO | succeed to do 'GetNickName('hi')'
2023-01-01 06:13:34,215 | SongBoardService | INFO | succeed to do 'GetAllPost()'
2023-01-01 06:13:35,615 | SongBoardService | INFO | succeed to do 'GetAllPost()'
2023-01-01 06:13:35,633 | SongBoardService | INFO | succeed to do 'GetReadPost('hi', '2022-12-31 22:32:35')'
2023-01-01 06:13:35,694 | SongBoardService | INFO | succeed to do 'GetNickName('hi')'
2023-01-01 06:13:35,756 | SongBoardService | INFO | succeed to do 'GetAllComment()'
2023-01-01 06:13:35,817 | SongBoardService | INFO | succeed to do 'GetNickName('hi')'
2023-01-01 06:13:35,876 | SongBoardService | INFO | succeed to do 'GetNickName('hi')'
2023-01-01 06:13:43,319 | SongBoardService | INFO | succeed to do 'GetAllPost()'
2023-01-01 06:13:43,338 | SongBoardService | INFO | succeed to do 'GetReadPost('Admin', '2023-01-01 01:14:53')'
2023-01-01 06:13:43,402 | SongBoardService | INFO | succeed to do 'GetNickName('hi')'
2023-01-01 06:13:43,462 | SongBoardService | INFO | succeed to do 'GetAllComment()'
2023-01-01 06:13:43,522 | SongBoardService | INFO | succeed to do 'GetNickName('hi')'
2023-01-01 06:13:43,583 | SongBoardService | INFO | succeed to do 'GetNickName('hi')'
2023-01-01 06:13:46,063 | SongBoardService | INFO | succeed to do 'GetAllPost()'
2023-01-01 06:13:46,080 | SongBoardService | INFO | succeed to do 'GetReadPost('Admin', '2023-01-01 10:02:37')'
2023-01-01 06:13:46,139 | SongBoardService | INFO | succeed to do 'GetNickName('hi')'
2023-01-01 06:13:46,200 | SongBoardService | INFO | succeed to do 'GetAllComment()'
2023-01-01 06:13:46,260 | SongBoardService | INFO | succeed to do 'GetNickName('hi')'
2023-01-01 06:13:46,333 | SongBoardService | INFO | succeed to do 'GetNickName('hi')'
2023-01-01 06:13:50,393 | SongBoardService | INFO | succeed to do 'GetAllPost()'
2023-01-01 06:14:00,657 | SongBoardService | INFO | succeed to do 'GetLoginCheck('kbs')'
2023-01-01 06:14:20,617 | SongBoardService | INFO | succeed to do 'GetReadNickName('qw')'
2023-01-01 06:14:20,677 | SongBoardService | INFO | succeed to do 'GetReadID('qw')'
2023-01-01 06:14:20,742 | SongBoardService | INFO | succeed to do 'GetCreatID('qw', 'qw', 'qw', 'qw', 'qw@qw.qw', '2023-01-01 15:14:21')'
2023-01-01 06:14:24,593 | SongBoardService | INFO | succeed to do 'GetLoginCheck('qw')'
2023-01-01 06:14:25,854 | SongBoardService | INFO | succeed to do 'GetAllPost()'
2023-01-01 06:14:29,751 | SongBoardService | INFO | succeed to do 'GetAllPost()'
2023-01-01 06:14:29,769 | SongBoardService | INFO | succeed to do 'GetReadPost('Admin', '2023-01-01 01:14:53')'
2023-01-01 06:14:29,830 | SongBoardService | INFO | succeed to do 'GetNickName('qw')'
2023-01-01 06:14:29,893 | SongBoardService | INFO | succeed to do 'GetAllComment()'
2023-01-01 06:14:29,953 | SongBoardService | INFO | succeed to do 'GetNickName('qw')'
2023-01-01 06:14:30,012 | SongBoardService | INFO | succeed to do 'GetNickName('qw')'
2023-01-01 06:14:34,842 | SongBoardService | INFO | succeed to do 'GetAllPost()'
2023-01-01 06:18:36,197 | SongBoardService | INFO | succeed to do 'GetAllPost()'
2023-01-01 06:18:36,458 | SongBoardService | INFO | succeed to do 'GetAllPost()'
2023-01-01 06:18:36,597 | SongBoardService | INFO | succeed to do 'GetAllPost()'
2023-01-01 06:18:37,507 | SongBoardService | INFO | succeed to do 'GetAllPost()'
2023-01-01 06:18:37,524 | SongBoardService | INFO | succeed to do 'GetReadPost('hi', '2023-01-01 14:16:26')'
2023-01-01 06:18:37,587 | SongBoardService | INFO | succeed to do 'GetNickName('qw')'
2023-01-01 06:18:37,649 | SongBoardService | INFO | succeed to do 'GetAllPost()'
2023-01-01 06:18:37,693 | SongBoardService | INFO | succeed to do 'GetNickName('qw')'
2023-01-01 06:18:39,823 | SongBoardService | INFO | succeed to do 'GetAllPost()'
2023-01-01 06:18:39,841 | SongBoardService | INFO | succeed to do 'GetReadPost('Admin', '2023-01-01 01:14:53')'
2023-01-01 06:18:39,902 | SongBoardService | INFO | succeed to do 'GetNickName('qw')'
2023-01-01 06:18:39,964 | SongBoardService | INFO | succeed to do 'GetAllPost()'
2023-01-01 06:18:39,992 | SongBoardService | INFO | succeed to do 'GetNickName('qw')'
2023-01-01 06:18:42,768 | SongBoardService | INFO | succeed to do 'GetAllPost()'
2023-01-01 06:18:42,785 | SongBoardService | INFO | succeed to do 'GetReadPost('Admin', '2023-01-01 10:02:37')'
2023-01-01 06:18:42,848 | SongBoardService | INFO | succeed to do 'GetNickName('qw')'
2023-01-01 06:18:42,911 | SongBoardService | INFO | succeed to do 'GetAllPost()'
2023-01-01 06:18:42,937 | SongBoardService | INFO | succeed to do 'GetNickName('qw')'
2023-01-01 06:18:45,248 | SongBoardService | INFO | succeed to do 'GetAllPost()'
2023-01-01 06:18:45,269 | SongBoardService | INFO | succeed to do 'GetReadPost('Admin', '2023-01-01 01:14:53')'
2023-01-01 06:18:45,328 | SongBoardService | INFO | succeed to do 'GetNickName('qw')'
2023-01-01 06:18:45,390 | SongBoardService | INFO | succeed to do 'GetAllPost()'
2023-01-01 06:18:45,419 | SongBoardService | INFO | succeed to do 'GetNickName('qw')'
2023-01-01 06:18:47,555 | SongBoardService | INFO | succeed to do 'GetAllPost()'
2023-01-01 06:18:47,573 | SongBoardService | INFO | succeed to do 'GetReadPost('hi', '2022-12-31 22:32:35')'
2023-01-01 06:18:47,635 | SongBoardService | INFO | succeed to do 'GetNickName('qw')'
2023-01-01 06:18:47,697 | SongBoardService | INFO | succeed to do 'GetAllPost()'
2023-01-01 06:18:47,726 | SongBoardService | INFO | succeed to do 'GetNickName('qw')'
2023-01-01 06:18:49,639 | SongBoardService | INFO | succeed to do 'GetAllPost()'
2023-01-01 06:18:49,657 | SongBoardService | INFO | succeed to do 'GetReadPost('Admin', '2023-01-01 01:14:53')'
2023-01-01 06:18:49,719 | SongBoardService | INFO | succeed to do 'GetNickName('qw')'
2023-01-01 06:18:49,780 | SongBoardService | INFO | succeed to do 'GetAllPost()'
2023-01-01 06:18:49,808 | SongBoardService | INFO | succeed to do 'GetNickName('qw')'
