2022-12-26 07:18:50,555 | SongBoardService | INFO | error to do 'GetCreatIDTable('hhi', 'hi', 'hi', 'hi', 'hi', 'hi')'
2022-12-26 07:19:00,878 | SongBoardService | INFO | succeed to do 'GetReadID('hi')'
2022-12-26 07:20:08,086 | SongBoardService | INFO | error to do 'GetCreatIDTable('hhi', 'hi', 'hi', 'hi', 'hi', 'hi')'
2022-12-26 07:20:09,838 | SongBoardService | INFO | error to do 'GetCreatIDTable('hhi', 'hi', 'hi', 'hi', 'hi', 'hi')'
2022-12-26 07:20:10,121 | SongBoardService | INFO | error to do 'GetCreatIDTable('hhi', 'hi', 'hi', 'hi', 'hi', 'hi')'
2022-12-26 07:25:27,523 | SongBoardService | INFO | succeed to do 'GetCreatIDTable('hhi', 'hi', 'hi', 'hi', 'hi', '20220507000000')'
2022-12-26 07:26:20,345 | SongBoardService | INFO | succeed to do 'GetCreatIDTable('hhi', 'hi', 'hi', 'hi', 'hi', '20220507000000')'
2022-12-26 07:26:57,553 | SongBoardService | INFO | succeed to do 'GetCreatIDTable('hhi', 'hi', 'hi', 'hi', 'hi', '20220507000000')'
2022-12-26 07:26:58,222 | SongBoardService | INFO | succeed to do 'GetCreatIDTable('hhi', 'hi', 'hi', 'hi', 'hi', '20220507000000')'
2022-12-26 07:26:58,393 | SongBoardService | INFO | succeed to do 'GetCreatIDTable('hhi', 'hi', 'hi', 'hi', 'hi', '20220507000000')'
2022-12-26 07:26:58,582 | SongBoardService | INFO | succeed to do 'GetCreatIDTable('hhi', 'hi', 'hi', 'hi', 'hi', '20220507000000')'
2022-12-26 07:26:58,742 | SongBoardService | INFO | succeed to do 'GetCreatIDTable('hhi', 'hi', 'hi', 'hi', 'hi', '20220507000000')'
2022-12-26 07:26:58,921 | SongBoardService | INFO | succeed to do 'GetCreatIDTable('hhi', 'hi', 'hi', 'hi', 'hi', '20220507000000')'
2022-12-26 07:26:59,157 | SongBoardService | INFO | succeed to do 'GetCreatIDTable('hhi', 'hi', 'hi', 'hi', 'hi', '20220507000000')'
2022-12-26 07:28:45,872 | SongBoardService | INFO | succeed to do 'GetCreatIDTable('hhi', 'hi', 'hi', 'hi', 'hi', '20220507')'
2022-12-26 07:28:54,083 | SongBoardService | INFO | succeed to do 'GetReadID('hi')'
2022-12-26 07:34:14,108 | SongBoardService | INFO | succeed to do 'GetCreatIDTable('hhi', 'hi', 'hi', 'hi', 'hi', '20220507')'
2022-12-26 07:36:47,145 | SongBoardService | INFO | succeed to do 'GetCreatIDTable('hhi', 'hi', 'hi', 'hi', 'hi', '20220507')'
2022-12-27 07:54:13,917 | SongBoardService | INFO | error to do 'GetReadNickName('인텔리')'
2022-12-27 07:54:13,920 | SongBoardService | INFO | error to do 'GetReadID('전스')'
2022-12-27 07:54:13,921 | SongBoardService | INFO | error to do 'GetCreatIDTable('나무', '인텔리', '전스', 'whgdk', 'wjstm@naver.com', 'Tue Dec 27 2022 16:54:13 GMT+0900 (대한민국 표준시)')'
2022-12-27 07:56:48,505 | SongBoardService | INFO | error to do 'GetReadNickName('인텔리')'
2022-12-27 07:56:48,507 | SongBoardService | INFO | error to do 'GetReadID('전스')'
2022-12-27 07:56:48,509 | SongBoardService | INFO | error to do 'GetCreatIDTable('나무', '인텔리', '전스', 'whgdk', 'wjstm@naver.com', 'Tue Dec 27 2022 16:56:48 GMT+0900 (대한민국 표준시)')'
2022-12-27 08:00:55,279 | SongBoardService | INFO | error to do 'GetCreatIDTable('나무', '인텔리', '전스', '좋아', '좋아', 'Tue Dec 27 2022 16:56:48 GMT+0900 (대한민국 표준시)')'
2022-12-27 08:01:49,546 | SongBoardService | INFO | error to do 'GetCreatIDTable('나무', '인텔리', '전스', '좋아', '좋아', '2022-12-27 00:00:00')'
2022-12-27 08:03:19,441 | SongBoardService | INFO | error to do 'GetCreatIDTable('나무', '인텔리', '전스', '좋아', '좋아', '20221227000000')'
2022-12-27 08:03:40,030 | SongBoardService | INFO | error to do 'GetCreatIDTable('나무', '인텔리', '전스', '좋아', '좋아', '20221227')'
2022-12-27 08:10:48,484 | SongBoardService | INFO | error to do 'GetCreatIDTable('광주', '인공', '지능', '사관', '학교@인공사.컴', '20221226000000')'
2022-12-27 08:14:37,316 | SongBoardService | INFO | error to do 'GetCreatIDTable('광주', '인공', '지능', '사관', '학교@인공사.컴', '20221226000000')'
2022-12-27 13:07:41,690 | SongBoardService | INFO | error to do 'GetCreatIDTable('vm', 'fh', 'xm', 'dps', 'em', '20221227050603')'
2022-12-27 13:13:08,163 | SongBoardService | INFO | error to do 'GetCreatIDTable('vm', 'fh', 'xm', 'dps', 'em', '20221227')'
2022-12-27 13:13:53,970 | SongBoardService | INFO | error to do 'GetCreatID('vm', 'fh', 'xm', 'dps', 'em', '20221227050603')'
2022-12-27 13:14:20,442 | SongBoardService | INFO | error to do 'GetCreatID('vm', 'fh', 'xm', 'dps', 'em', '20221227050603')'
2022-12-27 13:15:01,503 | SongBoardService | INFO | error to do 'GetCreatID('vm', 'fh', 'xm', 'dps', 'em', '20221227050603')'
2022-12-27 13:17:54,385 | SongBoardService | INFO | error to do 'GetReadID('hi')'
2022-12-27 13:19:30,364 | SongBoardService | INFO | succeed to do 'GetReadNickName('fhs')'
2022-12-27 13:19:30,367 | SongBoardService | INFO | succeed to do 'GetReadID('xm')'
2022-12-27 13:19:30,369 | SongBoardService | INFO | error to do 'GetCreatID('vm', 'fhs', 'xm', 'dps', 'em@naver.com', 'Tue Dec 27 2022 22:19:30 GMT+0900 (대한민국 표준시)')'
2022-12-27 13:29:22,905 | SongBoardService | INFO | succeed to do 'GetReadNickName('fhs')'
2022-12-27 13:29:22,907 | SongBoardService | INFO | succeed to do 'GetReadID('xm')'
2022-12-27 13:29:22,909 | SongBoardService | INFO | error to do 'GetCreatID('vm', 'fhs', 'xm', 'dps', 'em@naver.com', 'Tue Dec 27 2022 22:29:22 GMT+0900 (대한민국 표준시)')'
2022-12-27 13:29:40,084 | SongBoardService | INFO | succeed to do 'GetReadNickName('fhs')'
2022-12-27 13:29:40,086 | SongBoardService | INFO | succeed to do 'GetReadID('xm')'
2022-12-27 13:29:40,091 | SongBoardService | INFO | succeed to do 'GetCreatID('vm', 'fhs', 'xm', 'dps', 'em@naver.com', '20221127222940')'
2022-12-27 13:30:49,716 | SongBoardService | INFO | succeed to do 'GetReadNickName('dps')'
2022-12-27 13:30:49,719 | SongBoardService | INFO | succeed to do 'GetReadID('em')'
2022-12-27 13:30:49,731 | SongBoardService | INFO | succeed to do 'GetCreatID('qor', 'dps', 'em', 'whg', 'dk@naver.com', '20221227223049')'
2022-12-27 13:31:44,035 | SongBoardService | INFO | succeed to do 'GetReadNickName('dps')'
2022-12-27 13:31:44,036 | SongBoardService | INFO | succeed to do 'GetReadID('em')'
2022-12-27 13:31:44,043 | SongBoardService | INFO | succeed to do 'GetCreatID('qor', 'dps', 'em', 'whg', 'dk@naver.com', '20221227223144')'
2022-12-27 13:36:56,709 | SongBoardService | INFO | succeed to do 'GetReadNickName('dps')'
2022-12-27 13:36:56,711 | SongBoardService | INFO | succeed to do 'GetReadID('em')'
2022-12-27 13:36:56,718 | SongBoardService | INFO | succeed to do 'GetCreatID('qor', 'dps', 'em', 'whg', 'dk@naver.com', '20221227223656')'
2022-12-27 13:37:31,768 | SongBoardService | INFO | succeed to do 'GetDeleteID('xm')'
2022-12-27 13:38:02,448 | SongBoardService | INFO | succeed to do 'GetDeleteID('em')'
2022-12-27 13:38:42,655 | SongBoardService | INFO | succeed to do 'GetReadNickName('dps')'
2022-12-27 13:38:42,657 | SongBoardService | INFO | succeed to do 'GetReadID('em')'
2022-12-27 13:38:42,661 | SongBoardService | INFO | succeed to do 'GetCreatID('qor', 'dps', 'em', 'whg', 'dk@naver.com', '20221227223842')'
2022-12-27 13:51:10,401 | SongBoardService | INFO | succeed to do 'GetReadNickName('dps')'
2022-12-27 13:51:10,405 | SongBoardService | INFO | succeed to do 'GetReadID('em')'
2022-12-27 13:51:10,412 | SongBoardService | INFO | succeed to do 'GetCreatID('qor', 'dps', 'em', 'whg', 'dk@naver.com', '20221227225110')'
2022-12-27 13:51:10,849 | SongBoardService | INFO | succeed to do 'GetReadNickName('dps')'
2022-12-27 13:51:10,851 | SongBoardService | INFO | succeed to do 'GetReadID('em')'
2022-12-27 13:51:10,856 | SongBoardService | INFO | succeed to do 'GetCreatID('qor', 'dps', 'em', 'whg', 'dk@naver.com', '20221227225110')'
2022-12-27 13:52:59,287 | SongBoardService | INFO | succeed to do 'GetReadNickName('dps')'
2022-12-27 13:52:59,290 | SongBoardService | INFO | succeed to do 'GetReadID('em')'
2022-12-27 13:52:59,295 | SongBoardService | INFO | succeed to do 'GetCreatID('qor', 'dps', 'em', 'whg', 'dk@naver.com', '20221227225259')'
2022-12-27 13:57:22,129 | SongBoardService | INFO | succeed to do 'GetReadNickName('dps')'
2022-12-27 13:57:22,132 | SongBoardService | INFO | succeed to do 'GetReadID('em')'
2022-12-27 13:57:22,135 | SongBoardService | INFO | succeed to do 'GetCreatID('qor', 'dps', 'em', 'whg', 'dk@naver.com', '20221227225722')'
2022-12-27 13:57:51,212 | SongBoardService | INFO | succeed to do 'GetReadNickName('dps')'
2022-12-27 13:57:51,214 | SongBoardService | INFO | succeed to do 'GetReadID('em')'
2022-12-27 13:57:51,217 | SongBoardService | INFO | succeed to do 'GetCreatID('qor', 'dps', 'em', 'whg', 'dk@naver.com', '20221227225751')'
2022-12-27 13:57:52,124 | SongBoardService | INFO | succeed to do 'GetReadNickName('dps')'
2022-12-27 13:57:52,126 | SongBoardService | INFO | succeed to do 'GetReadID('em')'
2022-12-27 13:57:52,134 | SongBoardService | INFO | succeed to do 'GetCreatID('qor', 'dps', 'em', 'whg', 'dk@naver.com', '20221227225752')'
2022-12-27 14:04:12,112 | SongBoardService | INFO | succeed to do 'GetReadNickName('dps')'
2022-12-27 14:04:12,113 | SongBoardService | INFO | succeed to do 'GetReadID('em')'
2022-12-27 14:04:12,118 | SongBoardService | INFO | succeed to do 'GetCreatID('qor', 'dps', 'em', 'whg', 'dk@naver.com', '20221227230412')'
2022-12-27 14:08:20,206 | SongBoardService | INFO | succeed to do 'GetReadNickName('dps')'
2022-12-27 14:08:20,208 | SongBoardService | INFO | succeed to do 'GetReadID('em')'
2022-12-27 14:08:20,212 | SongBoardService | INFO | succeed to do 'GetCreatID('qor', 'dps', 'em', 'whg', 'dk@naver.com', '20221227230820')'
2022-12-27 14:08:27,865 | SongBoardService | INFO | succeed to do 'GetDeleteID('em')'
2022-12-27 14:09:06,960 | SongBoardService | INFO | succeed to do 'GetReadNickName('dps')'
2022-12-27 14:09:06,962 | SongBoardService | INFO | succeed to do 'GetReadID('em')'
2022-12-27 14:09:06,965 | SongBoardService | INFO | succeed to do 'GetCreatID('qor', 'dps', 'em', 'whg', 'dk@naver.com', '20221227230906')'
2022-12-27 14:09:47,760 | SongBoardService | INFO | succeed to do 'GetReadNickName('dps')'
2022-12-27 14:09:47,762 | SongBoardService | INFO | succeed to do 'GetReadID('em')'
2022-12-27 14:09:47,770 | SongBoardService | INFO | succeed to do 'GetCreatID('qor', 'dps', 'em', 'whg', 'dk@naver.com', '20221227230947')'
2022-12-27 14:10:15,580 | SongBoardService | INFO | succeed to do 'GetReadNickName('dps')'
2022-12-27 14:10:15,588 | SongBoardService | INFO | succeed to do 'GetReadID('em')'
2022-12-27 14:10:15,593 | SongBoardService | INFO | succeed to do 'GetCreatID('qor', 'dps', 'em', 'whg', 'dk@naver.com', '20221227231015')'
2022-12-27 14:11:41,480 | SongBoardService | INFO | succeed to do 'GetReadNickName('dps')'
2022-12-27 14:14:12,017 | SongBoardService | INFO | succeed to do 'GetDeleteID('em')'
2022-12-27 14:14:25,313 | SongBoardService | INFO | succeed to do 'GetReadNickName('dps')'
2022-12-27 14:15:44,092 | SongBoardService | INFO | succeed to do 'GetReadNickName('dps')'
2022-12-27 14:15:44,094 | SongBoardService | INFO | succeed to do 'GetReadID('em')'
2022-12-27 14:15:44,100 | SongBoardService | INFO | succeed to do 'GetCreatID('qor', 'dps', 'em', 'whg', 'dk@naver.com', '20221227231544')'
2022-12-27 14:18:43,893 | SongBoardService | INFO | succeed to do 'GetReadNickName('dps')'
2022-12-27 14:18:43,895 | SongBoardService | INFO | succeed to do 'GetReadID('em')'
2022-12-27 14:18:43,906 | SongBoardService | INFO | succeed to do 'GetCreatID('qor', 'dps', 'em', 'whg', 'dk@naver.com', '20221227231843')'
2022-12-27 14:19:11,013 | SongBoardService | INFO | succeed to do 'GetDeleteID('em')'
2022-12-27 14:19:18,044 | SongBoardService | INFO | succeed to do 'GetReadNickName('dps')'
2022-12-27 14:19:31,362 | SongBoardService | INFO | succeed to do 'GetReadNickName('dps')'
2022-12-27 14:19:31,365 | SongBoardService | INFO | succeed to do 'GetReadID('em')'
2022-12-27 14:19:31,371 | SongBoardService | INFO | succeed to do 'GetCreatID('qor', 'dps', 'em', 'whg', 'dk@naver.com', '20221227231931')'
2022-12-27 14:20:38,866 | SongBoardService | INFO | succeed to do 'GetReadNickName('dps')'
2022-12-27 14:20:38,868 | SongBoardService | INFO | succeed to do 'GetReadID('em')'
2022-12-27 14:20:42,758 | SongBoardService | INFO | succeed to do 'GetReadNickName('dps')'
2022-12-27 14:20:42,760 | SongBoardService | INFO | succeed to do 'GetReadID('em')'
2022-12-27 14:20:42,768 | SongBoardService | INFO | succeed to do 'GetCreatID('qor', 'dps', 'em', 'ss', 'dk@naver.com', '20221227232042')'
2022-12-27 14:21:09,801 | SongBoardService | INFO | succeed to do 'GetReadNickName('dps')'
2022-12-27 14:21:09,802 | SongBoardService | INFO | succeed to do 'GetReadID('em')'
2022-12-27 14:21:09,806 | SongBoardService | INFO | succeed to do 'GetCreatID('qor', 'dps', 'em', 'gg', 'dk@naver.com', '20221227232109')'
2022-12-27 14:22:22,129 | SongBoardService | INFO | succeed to do 'GetReadNickName('dps')'
2022-12-27 14:22:22,131 | SongBoardService | INFO | succeed to do 'GetReadID('em')'
2022-12-27 14:22:22,139 | SongBoardService | INFO | succeed to do 'GetCreatID('qor', 'dps', 'em', 'ss', 'dk@naver.com', '20221227232222')'
2022-12-27 14:31:52,587 | SongBoardService | INFO | succeed to do 'GetReadNickName('dps')'
2022-12-27 14:31:52,589 | SongBoardService | INFO | succeed to do 'GetReadID('em')'
2022-12-27 14:31:52,594 | SongBoardService | INFO | succeed to do 'GetCreatID('qor', 'dps', 'em', 'ss', 'dk@naver.com', '20221227233152')'
2022-12-27 14:31:56,422 | SongBoardService | INFO | succeed to do 'GetReadNickName('dps')'
2022-12-27 14:31:56,424 | SongBoardService | INFO | succeed to do 'GetReadID('em')'
2022-12-27 14:31:56,429 | SongBoardService | INFO | succeed to do 'GetCreatID('qor', 'dps', 'em', 'ss', 'dk@naver.com', '20221227233156')'
2022-12-27 14:33:42,631 | SongBoardService | INFO | succeed to do 'GetReadNickName('dps')'
2022-12-27 14:33:42,634 | SongBoardService | INFO | succeed to do 'GetReadID('em')'
2022-12-27 14:33:42,647 | SongBoardService | INFO | succeed to do 'GetCreatID('qor', 'dps', 'em', 'ss', 'dk@naver.com', '20221227233342')'
2022-12-27 14:33:42,995 | SongBoardService | INFO | succeed to do 'GetReadNickName('dps')'
2022-12-27 14:33:42,996 | SongBoardService | INFO | succeed to do 'GetReadID('em')'
2022-12-27 14:33:43,000 | SongBoardService | INFO | succeed to do 'GetCreatID('qor', 'dps', 'em', 'ss', 'dk@naver.com', '20221227233342')'
2022-12-27 14:34:05,559 | SongBoardService | INFO | succeed to do 'GetReadNickName('dps')'
2022-12-27 14:34:05,561 | SongBoardService | INFO | succeed to do 'GetReadID('em')'
2022-12-27 14:34:05,565 | SongBoardService | INFO | succeed to do 'GetCreatID('qor', 'dps', 'em', 'ee', 'dk@naver.com', '20221227233405')'
2022-12-27 14:35:09,899 | SongBoardService | INFO | succeed to do 'GetReadNickName('dps')'
2022-12-27 14:35:09,902 | SongBoardService | INFO | succeed to do 'GetReadID('em')'
2022-12-27 14:35:09,907 | SongBoardService | INFO | succeed to do 'GetCreatID('qor', 'dps', 'em', 'ww', 'dk@naver.com', '20221227233509')'
2022-12-27 14:38:16,106 | SongBoardService | INFO | succeed to do 'GetReadNickName('dps')'
2022-12-27 14:38:16,108 | SongBoardService | INFO | succeed to do 'GetReadID('em')'
2022-12-27 14:38:16,171 | SongBoardService | INFO | succeed to do 'GetCreatID('qor', 'dps', 'em', 'dd', 'dk@naver.com', '20221227233816')'
2022-12-27 14:39:11,313 | SongBoardService | INFO | succeed to do 'GetReadNickName('dps')'
2022-12-27 14:39:11,317 | SongBoardService | INFO | succeed to do 'GetReadID('em')'
2022-12-27 14:39:14,131 | SongBoardService | INFO | succeed to do 'GetReadNickName('dps')'
2022-12-27 14:39:14,133 | SongBoardService | INFO | succeed to do 'GetReadID('em')'
2022-12-27 14:39:33,527 | SongBoardService | INFO | succeed to do 'GetDeleteID('em')'
2022-12-27 14:40:23,866 | SongBoardService | INFO | succeed to do 'GetReadNickName('dps')'
2022-12-27 14:40:23,874 | SongBoardService | INFO | succeed to do 'GetReadID('em')'
2022-12-27 14:40:23,927 | SongBoardService | INFO | succeed to do 'GetCreatID('qor', 'dps', 'em', 'whg', 'dk@naver.com', '20221227234023')'
2022-12-27 14:40:32,487 | SongBoardService | INFO | succeed to do 'GetReadNickName('dps')'
2022-12-27 14:40:34,230 | SongBoardService | INFO | succeed to do 'GetReadNickName('dps')'
2022-12-27 14:41:25,173 | SongBoardService | INFO | succeed to do 'GetDeleteID('em')'
2022-12-27 14:41:30,771 | SongBoardService | INFO | succeed to do 'GetReadNickName('dps')'
2022-12-27 14:41:30,777 | SongBoardService | INFO | succeed to do 'GetReadID('em')'
2022-12-27 14:41:30,827 | SongBoardService | INFO | succeed to do 'GetCreatID('qor', 'dps', 'em', 'whg', 'dk@naver.com', '20221227234130')'
2022-12-27 16:46:12,082 | SongBoardService | INFO | succeed to do 'GetDeleteID('hi')'
2022-12-27 16:47:38,879 | SongBoardService | INFO | succeed to do 'GetReadNickName('hi')'
2022-12-27 16:47:38,886 | SongBoardService | INFO | succeed to do 'GetReadID('hi')'
2022-12-27 16:47:38,941 | SongBoardService | INFO | succeed to do 'GetCreatID('hi', 'hi', 'hi', 'hi', 'hi@hi.com', '20221228014738')'
2022-12-27 16:49:53,517 | SongBoardService | INFO | succeed to do 'GetReadNickName('asdfasdfasdfdsf')'
2022-12-27 16:52:39,983 | SongBoardService | INFO | succeed to do 'GetReadNickName('qwer')'
2022-12-27 16:52:39,988 | SongBoardService | INFO | succeed to do 'GetReadID('qwer')'
2022-12-27 16:52:40,037 | SongBoardService | INFO | succeed to do 'GetCreatID('qwer', 'qwer', 'qwer', 'qwer', 'qwer@qwer.com', '20221228015240')'
2022-12-27 17:19:49,383 | SongBoardService | INFO | succeed to do 'GetLoginCheck('sdfasdfasdf')'
2022-12-27 17:20:05,171 | SongBoardService | INFO | succeed to do 'GetLoginCheck('hi')'
2022-12-27 17:20:10,746 | SongBoardService | INFO | succeed to do 'GetLoginCheck('hi')'
2022-12-28 05:56:12,781 | SongBoardService | INFO | succeed to do 'GetLoginCheck('hi')'
2022-12-28 07:01:10,868 | SongBoardService | INFO | succeed to do 'GetLoginCheck('hi')'
2022-12-28 07:04:14,380 | SongBoardService | INFO | succeed to do 'GetLoginCheck('hi')'
2022-12-28 07:05:38,869 | SongBoardService | INFO | succeed to do 'GetLoginCheck('hi')'
2022-12-28 07:08:38,480 | SongBoardService | INFO | succeed to do 'GetLoginCheck('hi')'
2022-12-28 07:10:06,297 | SongBoardService | INFO | succeed to do 'GetLoginCheck('hi')'
2022-12-28 07:10:30,813 | SongBoardService | INFO | succeed to do 'GetLoginCheck('hi')'
2022-12-28 10:31:32,549 | SongBoardService | INFO | succeed to do 'GetLoginCheck('hi')'
2022-12-28 10:32:00,568 | SongBoardService | INFO | succeed to do 'GetLoginCheck('hi')'
2022-12-28 11:30:11,387 | SongBoardService | INFO | succeed to do 'GetCreatPost('hi', 'hi', '안녕', '안녕하세요', '20221228000102')'
2022-12-28 11:31:45,331 | SongBoardService | INFO | succeed to do 'GetCreatPost('인공', '지능', '인공지능사관학교', '환영합니다', '20221228030322')'
2022-12-28 11:32:13,110 | SongBoardService | INFO | succeed to do 'GetCreatPost('인공', '지능', '프론트엔드', '백엔드', '20221228060322')'
2022-12-28 11:32:55,753 | SongBoardService | INFO | succeed to do 'GetCreatPost('인공', '지능', '어렵다', '개발...', '20221228061222')'
2022-12-28 11:33:44,628 | SongBoardService | INFO | succeed to do 'GetCreatPost('dps', 'em', '프론트 엔드 개발', 'React, java', '20221228061222')'
2022-12-28 11:34:50,928 | SongBoardService | INFO | succeed to do 'GetCreatPost('인텔리', '전스', '나무 인텔리전스', '나무 인텔리전스 화이팅', '20221228061522')'
2022-12-28 11:35:32,761 | SongBoardService | INFO | succeed to do 'GetCreatPost('인텔리', '전스', '나무 인텔리전스 가고싶습니다.', '어떻게 가죠', '20221228061622')'
2022-12-28 11:35:55,096 | SongBoardService | INFO | succeed to do 'GetCreatPost('인텔리', '전스', '은행나무', '노란색', '20221228061822')'
2022-12-28 11:36:50,025 | SongBoardService | INFO | succeed to do 'GetCreatPost('qwer', 'qwer', 'qwer', '큐 떠블유 이 알', '20221228061922')'
2022-12-28 11:53:34,028 | SongBoardService | INFO | succeed to do 'GetAllPost()'
2022-12-28 13:06:05,568 | SongBoardService | INFO | succeed to do 'GetAllPost()'
2022-12-28 13:06:06,798 | SongBoardService | INFO | succeed to do 'GetAllPost()'
2022-12-28 13:06:07,785 | SongBoardService | INFO | succeed to do 'GetAllPost()'
2022-12-28 13:06:08,406 | SongBoardService | INFO | succeed to do 'GetAllPost()'
2022-12-28 13:06:09,213 | SongBoardService | INFO | succeed to do 'GetAllPost()'
2022-12-28 13:07:11,225 | SongBoardService | INFO | succeed to do 'GetAllPost()'
2022-12-28 13:07:46,573 | SongBoardService | INFO | succeed to do 'GetAllPost()'
2022-12-28 13:09:26,712 | SongBoardService | INFO | succeed to do 'GetAllPost()'
2022-12-28 13:10:07,965 | SongBoardService | INFO | succeed to do 'GetAllPost()'
2022-12-28 13:10:35,046 | SongBoardService | INFO | succeed to do 'GetAllPost()'
2022-12-28 13:13:43,377 | SongBoardService | INFO | succeed to do 'GetAllPost()'
2022-12-28 13:14:01,653 | SongBoardService | INFO | succeed to do 'GetAllPost()'
2022-12-28 13:14:19,860 | SongBoardService | INFO | succeed to do 'GetAllPost()'
2022-12-28 13:14:30,744 | SongBoardService | INFO | succeed to do 'GetAllPost()'
2022-12-28 13:14:41,233 | SongBoardService | INFO | succeed to do 'GetAllPost()'
2022-12-28 13:16:50,556 | SongBoardService | INFO | succeed to do 'GetAllPost()'
2022-12-28 13:17:04,732 | SongBoardService | INFO | succeed to do 'GetAllPost()'
2022-12-28 13:17:27,821 | SongBoardService | INFO | succeed to do 'GetAllPost()'
2022-12-28 13:17:57,608 | SongBoardService | INFO | succeed to do 'GetAllPost()'
2022-12-28 13:18:34,822 | SongBoardService | INFO | succeed to do 'GetAllPost()'
2022-12-28 13:20:32,503 | SongBoardService | INFO | succeed to do 'GetAllPost()'
2022-12-28 13:21:03,548 | SongBoardService | INFO | succeed to do 'GetAllPost()'
2022-12-28 13:21:53,354 | SongBoardService | INFO | succeed to do 'GetAllPost()'
2022-12-28 13:22:14,781 | SongBoardService | INFO | succeed to do 'GetAllPost()'
2022-12-28 13:22:45,003 | SongBoardService | INFO | succeed to do 'GetAllPost()'
2022-12-28 13:23:24,955 | SongBoardService | INFO | succeed to do 'GetAllPost()'
2022-12-28 13:24:17,284 | SongBoardService | INFO | succeed to do 'GetAllPost()'
2022-12-28 13:24:31,787 | SongBoardService | INFO | succeed to do 'GetAllPost()'
2022-12-28 13:24:59,185 | SongBoardService | INFO | succeed to do 'GetAllPost()'
2022-12-28 13:25:11,074 | SongBoardService | INFO | succeed to do 'GetAllPost()'
2022-12-28 14:40:16,226 | SongBoardService | INFO | succeed to do 'GetAllPost()'
2022-12-28 14:47:42,674 | SongBoardService | INFO | succeed to do 'GetAllPost()'
2022-12-28 14:47:43,970 | SongBoardService | INFO | succeed to do 'GetAllPost()'
2022-12-28 14:47:44,516 | SongBoardService | INFO | succeed to do 'GetAllPost()'
2022-12-28 14:48:37,596 | SongBoardService | INFO | succeed to do 'GetAllPost()'
2022-12-28 14:48:40,658 | SongBoardService | INFO | succeed to do 'GetAllPost()'
2022-12-28 14:48:43,827 | SongBoardService | INFO | succeed to do 'GetAllPost()'
2022-12-28 14:48:45,283 | SongBoardService | INFO | succeed to do 'GetAllPost()'
2022-12-28 14:49:03,774 | SongBoardService | INFO | succeed to do 'GetAllPost()'
2022-12-28 14:52:30,977 | SongBoardService | INFO | succeed to do 'GetAllPost()'
2022-12-28 14:52:32,449 | SongBoardService | INFO | succeed to do 'GetAllPost()'
2022-12-28 14:56:41,512 | SongBoardService | INFO | succeed to do 'GetAllPost()'
2022-12-28 15:03:52,528 | SongBoardService | INFO | succeed to do 'GetAllPost()'
2022-12-28 15:04:33,983 | SongBoardService | INFO | succeed to do 'GetAllPost()'
2022-12-28 15:04:55,396 | SongBoardService | INFO | succeed to do 'GetAllPost()'
2022-12-28 15:06:03,078 | SongBoardService | INFO | succeed to do 'GetAllPost()'
2022-12-28 15:07:54,155 | SongBoardService | INFO | succeed to do 'GetAllPost()'
2022-12-28 15:08:02,809 | SongBoardService | INFO | succeed to do 'GetAllPost()'
2022-12-28 15:13:02,697 | SongBoardService | INFO | succeed to do 'GetAllPost()'
2022-12-28 15:19:54,992 | SongBoardService | INFO | succeed to do 'GetAllPost()'
2022-12-28 15:20:37,165 | SongBoardService | INFO | succeed to do 'GetAllPost()'
2022-12-28 15:20:38,473 | SongBoardService | INFO | succeed to do 'GetAllPost()'
2022-12-28 15:20:39,191 | SongBoardService | INFO | succeed to do 'GetAllPost()'
2022-12-28 15:20:50,815 | SongBoardService | INFO | succeed to do 'GetAllPost()'
2022-12-28 15:20:51,801 | SongBoardService | INFO | succeed to do 'GetAllPost()'
2022-12-28 15:20:52,325 | SongBoardService | INFO | succeed to do 'GetAllPost()'
2022-12-28 15:20:52,938 | SongBoardService | INFO | succeed to do 'GetAllPost()'
2022-12-28 15:20:53,563 | SongBoardService | INFO | succeed to do 'GetAllPost()'
2022-12-28 15:20:54,368 | SongBoardService | INFO | succeed to do 'GetAllPost()'
2022-12-28 15:20:55,053 | SongBoardService | INFO | succeed to do 'GetAllPost()'
2022-12-28 15:21:38,532 | SongBoardService | INFO | succeed to do 'GetAllPost()'
2022-12-28 15:21:39,552 | SongBoardService | INFO | succeed to do 'GetAllPost()'
2022-12-28 15:22:11,671 | SongBoardService | INFO | succeed to do 'GetAllPost()'
2022-12-28 15:27:21,799 | SongBoardService | INFO | succeed to do 'GetAllPost()'
2022-12-28 15:28:32,640 | SongBoardService | INFO | succeed to do 'GetAllPost()'
2022-12-28 15:29:22,482 | SongBoardService | INFO | succeed to do 'GetAllPost()'
2022-12-28 15:30:00,089 | SongBoardService | INFO | succeed to do 'GetAllPost()'
2022-12-28 15:30:34,623 | SongBoardService | INFO | succeed to do 'GetAllPost()'
2022-12-28 15:31:59,417 | SongBoardService | INFO | succeed to do 'GetAllPost()'
2022-12-28 15:32:11,676 | SongBoardService | INFO | succeed to do 'GetAllPost()'
2022-12-28 15:32:35,227 | SongBoardService | INFO | succeed to do 'GetAllPost()'
2022-12-28 15:32:43,731 | SongBoardService | INFO | succeed to do 'GetAllPost()'
2022-12-28 15:33:20,305 | SongBoardService | INFO | succeed to do 'GetAllPost()'
2022-12-28 15:35:45,127 | SongBoardService | INFO | succeed to do 'GetAllPost()'
2022-12-28 15:40:31,200 | SongBoardService | INFO | succeed to do 'GetAllPost()'
2022-12-28 15:42:33,465 | SongBoardService | INFO | succeed to do 'GetAllPost()'
2022-12-28 15:43:45,647 | SongBoardService | INFO | succeed to do 'GetAllPost()'
2022-12-28 15:44:06,078 | SongBoardService | INFO | succeed to do 'GetAllPost()'
2022-12-28 15:44:15,676 | SongBoardService | INFO | succeed to do 'GetAllPost()'
2022-12-28 15:44:17,144 | SongBoardService | INFO | succeed to do 'GetAllPost()'
2022-12-28 15:44:22,151 | SongBoardService | INFO | succeed to do 'GetAllPost()'
2022-12-28 15:44:28,412 | SongBoardService | INFO | succeed to do 'GetAllPost()'
2022-12-28 15:44:31,280 | SongBoardService | INFO | succeed to do 'GetAllPost()'
2022-12-28 15:44:38,028 | SongBoardService | INFO | succeed to do 'GetAllPost()'
2022-12-28 15:44:42,745 | SongBoardService | INFO | succeed to do 'GetAllPost()'
2022-12-28 15:44:42,920 | SongBoardService | INFO | succeed to do 'GetAllPost()'
2022-12-28 15:44:43,106 | SongBoardService | INFO | succeed to do 'GetAllPost()'
2022-12-28 15:44:43,258 | SongBoardService | INFO | succeed to do 'GetAllPost()'
2022-12-28 15:44:49,163 | SongBoardService | INFO | succeed to do 'GetAllPost()'
2022-12-28 15:45:34,904 | SongBoardService | INFO | succeed to do 'GetAllPost()'
2022-12-28 15:45:37,461 | SongBoardService | INFO | succeed to do 'GetAllPost()'
2022-12-28 15:46:35,295 | SongBoardService | INFO | succeed to do 'GetAllPost()'
2022-12-28 15:46:37,511 | SongBoardService | INFO | succeed to do 'GetAllPost()'
2022-12-28 15:47:15,450 | SongBoardService | INFO | succeed to do 'GetAllPost()'
2022-12-28 15:47:20,371 | SongBoardService | INFO | succeed to do 'GetAllPost()'
2022-12-28 15:47:24,630 | SongBoardService | INFO | succeed to do 'GetAllPost()'
2022-12-28 15:47:41,969 | SongBoardService | INFO | succeed to do 'GetAllPost()'
2022-12-28 15:47:52,114 | SongBoardService | INFO | succeed to do 'GetAllPost()'
2022-12-28 15:49:30,489 | SongBoardService | INFO | succeed to do 'GetAllPost()'
2022-12-28 15:51:22,701 | SongBoardService | INFO | succeed to do 'GetLoginCheck('sdfsadfasdf')'
2022-12-28 15:51:27,174 | SongBoardService | INFO | succeed to do 'GetLoginCheck('hi')'
2022-12-28 15:51:28,330 | SongBoardService | INFO | succeed to do 'GetAllPost()'
2022-12-28 15:51:34,029 | SongBoardService | INFO | succeed to do 'GetAllPost()'
2022-12-29 00:46:57,367 | SongBoardService | INFO | succeed to do 'GetAllPost()'
2022-12-29 00:47:02,688 | SongBoardService | INFO | succeed to do 'GetAllPost()'
2022-12-29 04:54:34,926 | SongBoardService | INFO | succeed to do 'GetAllPost()'
2022-12-29 04:58:42,034 | SongBoardService | INFO | succeed to do 'GetAllPost()'
2022-12-29 04:59:11,122 | SongBoardService | INFO | succeed to do 'GetAllPost()'
2022-12-29 04:59:38,010 | SongBoardService | INFO | succeed to do 'GetReadPost('', '', '')'
2022-12-29 04:59:38,104 | SongBoardService | INFO | succeed to do 'GetReadPost('', '', '')'
2022-12-29 04:59:38,200 | SongBoardService | INFO | succeed to do 'GetReadPost('', '', '')'
2022-12-29 04:59:38,324 | SongBoardService | INFO | succeed to do 'GetReadPost('', '', '')'
2022-12-29 04:59:38,438 | SongBoardService | INFO | succeed to do 'GetReadPost('', '', '')'
2022-12-29 04:59:38,495 | SongBoardService | INFO | succeed to do 'GetReadPost('', '', '')'
2022-12-29 04:59:38,567 | SongBoardService | INFO | succeed to do 'GetReadPost('', '', '')'
2022-12-29 04:59:38,722 | SongBoardService | INFO | succeed to do 'GetReadPost('', '', '')'
2022-12-29 04:59:38,791 | SongBoardService | INFO | succeed to do 'GetReadPost('', '', '')'
2022-12-29 04:59:38,883 | SongBoardService | INFO | succeed to do 'GetReadPost('', '', '')'
2022-12-29 04:59:38,981 | SongBoardService | INFO | succeed to do 'GetReadPost('', '', '')'
2022-12-29 04:59:39,051 | SongBoardService | INFO | succeed to do 'GetReadPost('', '', '')'
2022-12-29 04:59:39,131 | SongBoardService | INFO | succeed to do 'GetReadPost('', '', '')'
2022-12-29 04:59:39,240 | SongBoardService | INFO | succeed to do 'GetReadPost('', '', '')'
2022-12-29 04:59:39,334 | SongBoardService | INFO | succeed to do 'GetReadPost('', '', '')'
2022-12-29 04:59:39,402 | SongBoardService | INFO | succeed to do 'GetReadPost('', '', '')'
2022-12-29 04:59:39,465 | SongBoardService | INFO | succeed to do 'GetReadPost('', '', '')'
2022-12-29 04:59:39,561 | SongBoardService | INFO | succeed to do 'GetReadPost('', '', '')'
2022-12-29 04:59:39,643 | SongBoardService | INFO | succeed to do 'GetReadPost('', '', '')'
2022-12-29 04:59:39,749 | SongBoardService | INFO | succeed to do 'GetReadPost('', '', '')'
2022-12-29 04:59:39,843 | SongBoardService | INFO | succeed to do 'GetReadPost('', '', '')'
2022-12-29 04:59:39,964 | SongBoardService | INFO | succeed to do 'GetReadPost('', '', '')'
2022-12-29 04:59:40,092 | SongBoardService | INFO | succeed to do 'GetReadPost('', '', '')'
2022-12-29 04:59:40,309 | SongBoardService | INFO | succeed to do 'GetReadPost('', '', '')'
2022-12-29 04:59:40,514 | SongBoardService | INFO | succeed to do 'GetReadPost('', '', '')'
2022-12-29 04:59:40,599 | SongBoardService | INFO | succeed to do 'GetReadPost('', '', '')'
2022-12-29 04:59:40,702 | SongBoardService | INFO | succeed to do 'GetReadPost('', '', '')'
2022-12-29 04:59:40,793 | SongBoardService | INFO | succeed to do 'GetReadPost('', '', '')'
2022-12-29 04:59:40,888 | SongBoardService | INFO | succeed to do 'GetReadPost('', '', '')'
2022-12-29 04:59:40,956 | SongBoardService | INFO | succeed to do 'GetReadPost('', '', '')'
2022-12-29 04:59:41,033 | SongBoardService | INFO | succeed to do 'GetReadPost('', '', '')'
2022-12-29 04:59:41,102 | SongBoardService | INFO | succeed to do 'GetReadPost('', '', '')'
2022-12-29 04:59:41,180 | SongBoardService | INFO | succeed to do 'GetReadPost('', '', '')'
2022-12-29 04:59:41,283 | SongBoardService | INFO | succeed to do 'GetReadPost('', '', '')'
2022-12-29 04:59:41,380 | SongBoardService | INFO | succeed to do 'GetReadPost('', '', '')'
2022-12-29 04:59:41,469 | SongBoardService | INFO | succeed to do 'GetReadPost('', '', '')'
2022-12-29 04:59:41,568 | SongBoardService | INFO | succeed to do 'GetReadPost('', '', '')'
2022-12-29 04:59:41,651 | SongBoardService | INFO | succeed to do 'GetReadPost('', '', '')'
2022-12-29 04:59:41,732 | SongBoardService | INFO | succeed to do 'GetReadPost('', '', '')'
2022-12-29 04:59:41,840 | SongBoardService | INFO | succeed to do 'GetReadPost('', '', '')'
2022-12-29 04:59:41,936 | SongBoardService | INFO | succeed to do 'GetReadPost('', '', '')'
2022-12-29 04:59:42,013 | SongBoardService | INFO | succeed to do 'GetReadPost('', '', '')'
2022-12-29 04:59:42,103 | SongBoardService | INFO | succeed to do 'GetReadPost('', '', '')'
2022-12-29 04:59:42,189 | SongBoardService | INFO | succeed to do 'GetReadPost('', '', '')'
2022-12-29 04:59:42,286 | SongBoardService | INFO | succeed to do 'GetReadPost('', '', '')'
2022-12-29 04:59:42,341 | SongBoardService | INFO | succeed to do 'GetReadPost('', '', '')'
2022-12-29 04:59:42,409 | SongBoardService | INFO | succeed to do 'GetReadPost('', '', '')'
2022-12-29 04:59:42,481 | SongBoardService | INFO | succeed to do 'GetReadPost('', '', '')'
2022-12-29 04:59:42,578 | SongBoardService | INFO | succeed to do 'GetReadPost('', '', '')'
2022-12-29 04:59:42,664 | SongBoardService | INFO | succeed to do 'GetReadPost('', '', '')'
2022-12-29 04:59:42,743 | SongBoardService | INFO | succeed to do 'GetReadPost('', '', '')'
2022-12-29 04:59:59,153 | SongBoardService | INFO | succeed to do 'GetReadPost('', '', '')'
2022-12-29 04:59:59,312 | SongBoardService | INFO | succeed to do 'GetReadPost('', '', '')'
2022-12-29 04:59:59,451 | SongBoardService | INFO | succeed to do 'GetReadPost('', '', '')'
2022-12-29 04:59:59,616 | SongBoardService | INFO | succeed to do 'GetReadPost('', '', '')'
2022-12-29 04:59:59,867 | SongBoardService | INFO | succeed to do 'GetReadPost('', '', '')'
2022-12-29 05:00:00,204 | SongBoardService | INFO | succeed to do 'GetReadPost('', '', '')'
2022-12-29 05:00:00,445 | SongBoardService | INFO | succeed to do 'GetReadPost('', '', '')'
2022-12-29 05:00:00,656 | SongBoardService | INFO | succeed to do 'GetReadPost('', '', '')'
2022-12-29 05:00:00,783 | SongBoardService | INFO | succeed to do 'GetReadPost('', '', '')'
2022-12-29 05:00:00,915 | SongBoardService | INFO | succeed to do 'GetReadPost('', '', '')'
2022-12-29 05:00:01,051 | SongBoardService | INFO | succeed to do 'GetReadPost('', '', '')'
2022-12-29 05:00:01,183 | SongBoardService | INFO | succeed to do 'GetReadPost('', '', '')'
2022-12-29 05:00:01,325 | SongBoardService | INFO | succeed to do 'GetReadPost('', '', '')'
2022-12-29 05:00:01,616 | SongBoardService | INFO | succeed to do 'GetReadPost('', '', '')'
2022-12-29 05:00:01,798 | SongBoardService | INFO | succeed to do 'GetReadPost('', '', '')'
2022-12-29 05:00:01,984 | SongBoardService | INFO | succeed to do 'GetReadPost('', '', '')'
2022-12-29 05:00:02,149 | SongBoardService | INFO | succeed to do 'GetReadPost('', '', '')'
2022-12-29 05:00:02,275 | SongBoardService | INFO | succeed to do 'GetReadPost('', '', '')'
2022-12-29 05:00:02,365 | SongBoardService | INFO | succeed to do 'GetReadPost('', '', '')'
2022-12-29 05:00:02,491 | SongBoardService | INFO | succeed to do 'GetReadPost('', '', '')'
2022-12-29 05:00:02,652 | SongBoardService | INFO | succeed to do 'GetReadPost('', '', '')'
2022-12-29 05:00:02,859 | SongBoardService | INFO | succeed to do 'GetReadPost('', '', '')'
2022-12-29 05:00:03,029 | SongBoardService | INFO | succeed to do 'GetReadPost('', '', '')'
2022-12-29 05:00:03,203 | SongBoardService | INFO | succeed to do 'GetReadPost('', '', '')'
2022-12-29 05:00:03,372 | SongBoardService | INFO | succeed to do 'GetReadPost('', '', '')'
2022-12-29 05:00:03,550 | SongBoardService | INFO | succeed to do 'GetReadPost('', '', '')'
2022-12-29 05:00:03,751 | SongBoardService | INFO | succeed to do 'GetReadPost('', '', '')'
2022-12-29 05:00:03,964 | SongBoardService | INFO | succeed to do 'GetReadPost('', '', '')'
2022-12-29 05:00:04,252 | SongBoardService | INFO | succeed to do 'GetReadPost('', '', '')'
2022-12-29 05:00:04,367 | SongBoardService | INFO | succeed to do 'GetReadPost('', '', '')'
2022-12-29 05:00:04,651 | SongBoardService | INFO | succeed to do 'GetReadPost('', '', '')'
2022-12-29 05:00:04,922 | SongBoardService | INFO | succeed to do 'GetReadPost('', '', '')'
2022-12-29 05:00:05,198 | SongBoardService | INFO | succeed to do 'GetReadPost('', '', '')'
2022-12-29 05:00:05,405 | SongBoardService | INFO | succeed to do 'GetReadPost('', '', '')'
2022-12-29 05:01:29,536 | SongBoardService | INFO | succeed to do 'GetReadPost('', '', '')'
2022-12-29 05:01:29,764 | SongBoardService | INFO | succeed to do 'GetReadPost('', '', '')'
2022-12-29 05:01:29,962 | SongBoardService | INFO | succeed to do 'GetReadPost('', '', '')'
2022-12-29 05:01:30,311 | SongBoardService | INFO | succeed to do 'GetReadPost('', '', '')'
2022-12-29 05:01:30,626 | SongBoardService | INFO | succeed to do 'GetReadPost('', '', '')'
2022-12-29 05:01:31,028 | SongBoardService | INFO | succeed to do 'GetReadPost('', '', '')'
2022-12-29 05:01:31,400 | SongBoardService | INFO | succeed to do 'GetReadPost('', '', '')'
2022-12-29 05:01:31,643 | SongBoardService | INFO | succeed to do 'GetReadPost('', '', '')'
2022-12-29 05:01:31,932 | SongBoardService | INFO | succeed to do 'GetReadPost('', '', '')'
2022-12-29 05:01:31,940 | SongBoardService | INFO | succeed to do 'GetNickName('hi')'
2022-12-29 05:01:32,301 | SongBoardService | INFO | succeed to do 'GetReadPost('', '', '')'
2022-12-29 05:01:32,586 | SongBoardService | INFO | succeed to do 'GetReadPost('', '', '')'
2022-12-29 05:01:32,956 | SongBoardService | INFO | succeed to do 'GetReadPost('', '', '')'
2022-12-29 05:01:33,109 | SongBoardService | INFO | succeed to do 'GetReadPost('', '', '')'
2022-12-29 05:01:33,118 | SongBoardService | INFO | succeed to do 'GetNickName('hi')'
2022-12-29 05:01:33,328 | SongBoardService | INFO | succeed to do 'GetReadPost('', '', '')'
2022-12-29 05:01:33,568 | SongBoardService | INFO | succeed to do 'GetReadPost('', '', '')'
2022-12-29 05:01:33,795 | SongBoardService | INFO | succeed to do 'GetReadPost('', '', '')'
2022-12-29 05:01:34,064 | SongBoardService | INFO | succeed to do 'GetReadPost('', '', '')'
2022-12-29 05:01:34,279 | SongBoardService | INFO | succeed to do 'GetReadPost('', '', '')'
2022-12-29 05:01:34,539 | SongBoardService | INFO | succeed to do 'GetReadPost('', '', '')'
2022-12-29 05:01:34,558 | SongBoardService | INFO | succeed to do 'GetNickName('hi')'
2022-12-29 05:01:34,878 | SongBoardService | INFO | succeed to do 'GetReadPost('', '', '')'
2022-12-29 05:01:35,135 | SongBoardService | INFO | succeed to do 'GetReadPost('', '', '')'
2022-12-29 05:01:35,328 | SongBoardService | INFO | succeed to do 'GetReadPost('', '', '')'
2022-12-29 05:01:35,631 | SongBoardService | INFO | succeed to do 'GetReadPost('', '', '')'
2022-12-29 05:01:35,844 | SongBoardService | INFO | succeed to do 'GetReadPost('', '', '')'
2022-12-29 05:01:36,033 | SongBoardService | INFO | succeed to do 'GetReadPost('', '', '')'
2022-12-29 05:01:36,222 | SongBoardService | INFO | succeed to do 'GetReadPost('', '', '')'
2022-12-29 05:01:36,417 | SongBoardService | INFO | succeed to do 'GetReadPost('', '', '')'
2022-12-29 05:01:36,595 | SongBoardService | INFO | succeed to do 'GetReadPost('', '', '')'
2022-12-29 05:01:36,813 | SongBoardService | INFO | succeed to do 'GetReadPost('', '', '')'
2022-12-29 05:01:37,017 | SongBoardService | INFO | succeed to do 'GetReadPost('', '', '')'
2022-12-29 05:01:37,157 | SongBoardService | INFO | succeed to do 'GetReadPost('', '', '')'
2022-12-29 05:01:37,167 | SongBoardService | INFO | succeed to do 'GetNickName('hi')'
2022-12-29 05:01:37,300 | SongBoardService | INFO | succeed to do 'GetReadPost('', '', '')'
2022-12-29 05:01:37,445 | SongBoardService | INFO | succeed to do 'GetReadPost('', '', '')'
2022-12-29 05:01:37,508 | SongBoardService | INFO | succeed to do 'GetNickName('hi')'
2022-12-29 05:01:37,679 | SongBoardService | INFO | succeed to do 'GetReadPost('', '', '')'
2022-12-29 05:01:37,846 | SongBoardService | INFO | succeed to do 'GetReadPost('', '', '')'
2022-12-29 05:01:38,045 | SongBoardService | INFO | succeed to do 'GetReadPost('', '', '')'
2022-12-29 05:01:38,222 | SongBoardService | INFO | succeed to do 'GetReadPost('', '', '')'
2022-12-29 05:02:37,369 | SongBoardService | INFO | succeed to do 'GetReadPost('', '', '')'
2022-12-29 05:02:37,545 | SongBoardService | INFO | succeed to do 'GetReadPost('', '', '')'
2022-12-29 05:02:37,793 | SongBoardService | INFO | succeed to do 'GetReadPost('', '', '')'
2022-12-29 05:02:38,003 | SongBoardService | INFO | succeed to do 'GetReadPost('', '', '')'
2022-12-29 05:02:38,210 | SongBoardService | INFO | succeed to do 'GetReadPost('', '', '')'
2022-12-29 05:02:38,377 | SongBoardService | INFO | succeed to do 'GetReadPost('', '', '')'
2022-12-29 05:02:38,582 | SongBoardService | INFO | succeed to do 'GetReadPost('', '', '')'
2022-12-29 05:02:38,809 | SongBoardService | INFO | succeed to do 'GetReadPost('', '', '')'
2022-12-29 05:02:39,024 | SongBoardService | INFO | succeed to do 'GetReadPost('', '', '')'
2022-12-29 05:02:39,199 | SongBoardService | INFO | succeed to do 'GetReadPost('', '', '')'
2022-12-29 05:02:39,401 | SongBoardService | INFO | succeed to do 'GetReadPost('', '', '')'
2022-12-29 05:02:39,763 | SongBoardService | INFO | succeed to do 'GetReadPost('', '', '')'
2022-12-29 05:02:40,225 | SongBoardService | INFO | succeed to do 'GetReadPost('', '', '')'
2022-12-29 05:02:40,435 | SongBoardService | INFO | succeed to do 'GetReadPost('', '', '')'
2022-12-29 05:02:40,598 | SongBoardService | INFO | succeed to do 'GetReadPost('', '', '')'
2022-12-29 05:02:40,820 | SongBoardService | INFO | succeed to do 'GetReadPost('', '', '')'
2022-12-29 05:02:41,082 | SongBoardService | INFO | succeed to do 'GetReadPost('', '', '')'
2022-12-29 05:02:41,277 | SongBoardService | INFO | succeed to do 'GetReadPost('', '', '')'
2022-12-29 05:02:41,471 | SongBoardService | INFO | succeed to do 'GetReadPost('', '', '')'
2022-12-29 05:02:41,486 | SongBoardService | INFO | succeed to do 'GetNickName('hi')'
2022-12-29 05:02:41,694 | SongBoardService | INFO | succeed to do 'GetReadPost('', '', '')'
2022-12-29 05:02:41,852 | SongBoardService | INFO | succeed to do 'GetReadPost('', '', '')'
2022-12-29 05:02:42,007 | SongBoardService | INFO | succeed to do 'GetReadPost('', '', '')'
2022-12-29 05:02:42,191 | SongBoardService | INFO | succeed to do 'GetReadPost('', '', '')'
2022-12-29 05:02:42,204 | SongBoardService | INFO | succeed to do 'GetNickName('hi')'
2022-12-29 05:02:42,424 | SongBoardService | INFO | succeed to do 'GetReadPost('', '', '')'
2022-12-29 05:02:42,580 | SongBoardService | INFO | succeed to do 'GetReadPost('', '', '')'
2022-12-29 05:02:42,770 | SongBoardService | INFO | succeed to do 'GetReadPost('', '', '')'
2022-12-29 05:02:42,989 | SongBoardService | INFO | succeed to do 'GetReadPost('', '', '')'
2022-12-29 05:02:43,147 | SongBoardService | INFO | succeed to do 'GetReadPost('', '', '')'
2022-12-29 05:02:43,158 | SongBoardService | INFO | succeed to do 'GetNickName('hi')'
2022-12-29 05:02:43,383 | SongBoardService | INFO | succeed to do 'GetReadPost('', '', '')'
2022-12-29 05:02:43,756 | SongBoardService | INFO | succeed to do 'GetReadPost('', '', '')'
2022-12-29 05:02:44,081 | SongBoardService | INFO | succeed to do 'GetReadPost('', '', '')'
2022-12-29 05:02:44,338 | SongBoardService | INFO | succeed to do 'GetReadPost('', '', '')'
2022-12-29 05:02:44,348 | SongBoardService | INFO | succeed to do 'GetNickName('hi')'
2022-12-29 05:02:44,509 | SongBoardService | INFO | succeed to do 'GetReadPost('', '', '')'
2022-12-29 05:06:09,132 | SongBoardService | INFO | succeed to do 'GetNickName('hi')'
2022-12-29 05:06:09,313 | SongBoardService | INFO | succeed to do 'GetReadPost('undefined', '중앙도서관', '2022-12-29 14:06:09')'
2022-12-29 05:06:09,455 | SongBoardService | INFO | succeed to do 'GetReadPost('', '', '')'
2022-12-29 05:06:09,631 | SongBoardService | INFO | succeed to do 'GetReadPost('', '', '')'
2022-12-29 05:06:09,792 | SongBoardService | INFO | succeed to do 'GetReadPost('', '', '')'
2022-12-29 05:06:09,925 | SongBoardService | INFO | succeed to do 'GetReadPost('', '', '')'
2022-12-29 05:06:10,037 | SongBoardService | INFO | succeed to do 'GetReadPost('', '', '')'
2022-12-29 05:06:10,150 | SongBoardService | INFO | succeed to do 'GetReadPost('', '', '')'
2022-12-29 05:06:10,264 | SongBoardService | INFO | succeed to do 'GetReadPost('', '', '')'
2022-12-29 05:06:10,381 | SongBoardService | INFO | succeed to do 'GetReadPost('', '', '')'
2022-12-29 05:06:10,506 | SongBoardService | INFO | succeed to do 'GetReadPost('', '', '')'
2022-12-29 05:06:10,638 | SongBoardService | INFO | succeed to do 'GetReadPost('', '', '')'
2022-12-29 05:06:10,779 | SongBoardService | INFO | succeed to do 'GetReadPost('', '', '')'
2022-12-29 05:06:10,936 | SongBoardService | INFO | succeed to do 'GetReadPost('', '', '')'
2022-12-29 05:06:11,113 | SongBoardService | INFO | succeed to do 'GetReadPost('', '', '')'
2022-12-29 05:06:11,285 | SongBoardService | INFO | succeed to do 'GetReadPost('', '', '')'
2022-12-29 05:06:11,391 | SongBoardService | INFO | succeed to do 'GetReadPost('', '', '')'
2022-12-29 05:06:11,398 | SongBoardService | INFO | succeed to do 'GetNickName('hi')'
2022-12-29 05:06:11,502 | SongBoardService | INFO | succeed to do 'GetReadPost('', '', '')'
2022-12-29 05:06:11,606 | SongBoardService | INFO | succeed to do 'GetReadPost('', '', '')'
2022-12-29 05:06:11,712 | SongBoardService | INFO | succeed to do 'GetReadPost('', '', '')'
2022-12-29 05:06:11,808 | SongBoardService | INFO | succeed to do 'GetReadPost('', '', '')'
2022-12-29 05:06:11,913 | SongBoardService | INFO | succeed to do 'GetReadPost('', '', '')'
2022-12-29 05:06:12,023 | SongBoardService | INFO | succeed to do 'GetReadPost('', '', '')'
2022-12-29 05:06:12,133 | SongBoardService | INFO | succeed to do 'GetReadPost('', '', '')'
2022-12-29 05:06:12,242 | SongBoardService | INFO | succeed to do 'GetReadPost('', '', '')'
2022-12-29 05:06:12,350 | SongBoardService | INFO | succeed to do 'GetReadPost('', '', '')'
2022-12-29 05:06:12,468 | SongBoardService | INFO | succeed to do 'GetReadPost('', '', '')'
2022-12-29 05:06:12,578 | SongBoardService | INFO | succeed to do 'GetReadPost('', '', '')'
2022-12-29 05:06:12,693 | SongBoardService | INFO | succeed to do 'GetReadPost('', '', '')'
2022-12-29 05:06:12,811 | SongBoardService | INFO | succeed to do 'GetReadPost('', '', '')'
2022-12-29 05:06:12,916 | SongBoardService | INFO | succeed to do 'GetReadPost('', '', '')'
2022-12-29 05:06:13,018 | SongBoardService | INFO | succeed to do 'GetReadPost('', '', '')'
2022-12-29 05:06:13,025 | SongBoardService | INFO | succeed to do 'GetNickName('hi')'
2022-12-29 05:06:13,128 | SongBoardService | INFO | succeed to do 'GetReadPost('', '', '')'
2022-12-29 05:06:13,233 | SongBoardService | INFO | succeed to do 'GetReadPost('', '', '')'
2022-12-29 05:06:13,343 | SongBoardService | INFO | succeed to do 'GetReadPost('', '', '')'
2022-12-29 05:06:13,453 | SongBoardService | INFO | succeed to do 'GetReadPost('', '', '')'
2022-12-29 05:06:13,556 | SongBoardService | INFO | succeed to do 'GetReadPost('', '', '')'
2022-12-29 05:06:13,677 | SongBoardService | INFO | succeed to do 'GetReadPost('', '', '')'
2022-12-29 05:06:13,790 | SongBoardService | INFO | succeed to do 'GetReadPost('', '', '')'
2022-12-29 05:06:13,891 | SongBoardService | INFO | succeed to do 'GetReadPost('', '', '')'
2022-12-29 05:06:14,000 | SongBoardService | INFO | succeed to do 'GetReadPost('', '', '')'
2022-12-29 05:06:14,101 | SongBoardService | INFO | succeed to do 'GetReadPost('', '', '')'
2022-12-29 05:06:14,207 | SongBoardService | INFO | succeed to do 'GetReadPost('', '', '')'
2022-12-29 05:06:14,340 | SongBoardService | INFO | succeed to do 'GetReadPost('', '', '')'
2022-12-29 05:06:14,459 | SongBoardService | INFO | succeed to do 'GetReadPost('', '', '')'
2022-12-29 05:06:14,571 | SongBoardService | INFO | succeed to do 'GetReadPost('', '', '')'
2022-12-29 05:06:14,717 | SongBoardService | INFO | succeed to do 'GetReadPost('', '', '')'
2022-12-29 05:06:14,823 | SongBoardService | INFO | succeed to do 'GetReadPost('', '', '')'
2022-12-29 05:06:14,924 | SongBoardService | INFO | succeed to do 'GetReadPost('', '', '')'
2022-12-29 05:06:15,025 | SongBoardService | INFO | succeed to do 'GetReadPost('', '', '')'
2022-12-29 05:06:15,144 | SongBoardService | INFO | succeed to do 'GetReadPost('', '', '')'
2022-12-29 05:06:15,258 | SongBoardService | INFO | succeed to do 'GetReadPost('', '', '')'
2022-12-29 05:08:03,207 | SongBoardService | INFO | succeed to do 'GetReadPost('', '', '')'
2022-12-29 05:08:03,322 | SongBoardService | INFO | succeed to do 'GetReadPost('', '', '')'
2022-12-29 05:08:03,454 | SongBoardService | INFO | succeed to do 'GetReadPost('', '', '')'
2022-12-29 05:08:03,566 | SongBoardService | INFO | succeed to do 'GetReadPost('', '', '')'
2022-12-29 05:08:03,573 | SongBoardService | INFO | succeed to do 'GetNickName('hi')'
2022-12-29 05:08:03,684 | SongBoardService | INFO | succeed to do 'GetReadPost('', '', '')'
2022-12-29 05:08:03,800 | SongBoardService | INFO | succeed to do 'GetReadPost('', '', '')'
2022-12-29 05:08:03,807 | SongBoardService | INFO | succeed to do 'GetNickName('hi')'
2022-12-29 05:08:03,928 | SongBoardService | INFO | succeed to do 'GetReadPost('', '', '')'
2022-12-29 05:08:04,052 | SongBoardService | INFO | succeed to do 'GetReadPost('', '', '')'
2022-12-29 05:08:04,177 | SongBoardService | INFO | succeed to do 'GetReadPost('', '', '')'
2022-12-29 05:08:04,297 | SongBoardService | INFO | succeed to do 'GetReadPost('', '', '')'
2022-12-29 05:08:04,413 | SongBoardService | INFO | succeed to do 'GetReadPost('', '', '')'
2022-12-29 05:08:04,535 | SongBoardService | INFO | succeed to do 'GetReadPost('', '', '')'
2022-12-29 05:08:04,663 | SongBoardService | INFO | succeed to do 'GetReadPost('', '', '')'
2022-12-29 05:08:04,803 | SongBoardService | INFO | succeed to do 'GetReadPost('', '', '')'
2022-12-29 05:08:04,954 | SongBoardService | INFO | succeed to do 'GetReadPost('', '', '')'
2022-12-29 05:08:05,082 | SongBoardService | INFO | succeed to do 'GetReadPost('', '', '')'
2022-12-29 05:08:08,252 | SongBoardService | INFO | succeed to do 'GetReadPost('', '', '')'
2022-12-29 05:08:08,363 | SongBoardService | INFO | succeed to do 'GetReadPost('', '', '')'
2022-12-29 05:08:08,481 | SongBoardService | INFO | succeed to do 'GetReadPost('', '', '')'
2022-12-29 05:08:08,607 | SongBoardService | INFO | succeed to do 'GetReadPost('', '', '')'
2022-12-29 05:08:08,813 | SongBoardService | INFO | succeed to do 'GetReadPost('', '', '')'
2022-12-29 05:08:08,835 | SongBoardService | INFO | succeed to do 'GetNickName('hi')'
2022-12-29 05:08:08,984 | SongBoardService | INFO | succeed to do 'GetReadPost('', '', '')'
2022-12-29 05:08:09,135 | SongBoardService | INFO | succeed to do 'GetReadPost('', '', '')'
2022-12-29 05:08:37,632 | SongBoardService | INFO | succeed to do 'GetNickName('hi')'
2022-12-29 05:08:37,826 | SongBoardService | INFO | succeed to do 'GetReadPost('undefined', '중앙도서관', '2022-12-29 14:08:37')'
2022-12-29 05:08:37,833 | SongBoardService | INFO | succeed to do 'GetNickName('hi')'
2022-12-29 05:09:31,076 | SongBoardService | INFO | succeed to do 'GetAllPost()'
2022-12-29 05:15:10,952 | SongBoardService | INFO | succeed to do 'GetReadPost('undefined', '중앙도서관', '2022-12-29 14:08:37')'
2022-12-29 05:15:10,964 | SongBoardService | INFO | succeed to do 'GetNickName('hi')'
2022-12-29 05:15:40,700 | SongBoardService | INFO | succeed to do 'GetReadPost('undefined', '중앙도서관', '2022-12-29 14:08:37')'
2022-12-29 05:15:40,707 | SongBoardService | INFO | succeed to do 'GetNickName('hi')'
2022-12-29 05:15:42,032 | SongBoardService | INFO | succeed to do 'GetReadPost('undefined', '중앙도서관', '2022-12-29 14:08:37')'
2022-12-29 05:15:42,110 | SongBoardService | INFO | succeed to do 'GetNickName('hi')'
2022-12-29 05:15:48,293 | SongBoardService | INFO | succeed to do 'GetNickName('hi')'
2022-12-29 05:18:13,259 | SongBoardService | INFO | succeed to do 'GetNickName('hi')'
2022-12-29 05:18:25,105 | SongBoardService | INFO | succeed to do 'GetNickName('hi')'
2022-12-29 05:20:30,050 | SongBoardService | INFO | succeed to do 'GetNickName('hi')'
2022-12-29 05:21:20,522 | SongBoardService | INFO | succeed to do 'GetNickName('hi')'
2022-12-29 05:21:51,028 | SongBoardService | INFO | succeed to do 'GetNickName('hi')'
2022-12-29 05:21:51,047 | SongBoardService | INFO | succeed to do 'GetCreatPost('hi', 'hi', '중앙도서관', '깔끔하니
좋다', '20221229142151')'
2022-12-29 05:22:05,231 | SongBoardService | INFO | succeed to do 'GetAllPost()'
2022-12-29 05:22:18,166 | SongBoardService | INFO | error to do 'GetReadPost('hi', '중앙도서관', '20221229142151')'
2022-12-29 05:22:18,175 | SongBoardService | INFO | succeed to do 'GetNickName('hi')'
2022-12-29 05:22:50,420 | SongBoardService | INFO | error to do 'GetReadPost('hi', '중앙도서관', '20221229142151')'
2022-12-29 05:22:50,434 | SongBoardService | INFO | succeed to do 'GetNickName('hi')'
2022-12-29 05:23:03,392 | SongBoardService | INFO | error to do 'GetReadPost('hi', '중앙도서관', '20221229142151')'
2022-12-29 05:23:03,401 | SongBoardService | INFO | succeed to do 'GetNickName('hi')'
2022-12-29 05:24:32,813 | SongBoardService | INFO | error to do 'GetReadPost('hi', '중앙도서관', '20221229142151')'
2022-12-29 05:24:32,826 | SongBoardService | INFO | succeed to do 'GetNickName('hi')'
2022-12-29 05:25:10,712 | SongBoardService | INFO | error to do 'GetReadPost('hi', '중앙도서관', '20221229142151')'
2022-12-29 05:25:10,718 | SongBoardService | INFO | succeed to do 'GetNickName('hi')'
2022-12-29 05:25:28,040 | SongBoardService | INFO | error to do 'GetReadPost('hi', '중앙도서관', '20221229142151')'
2022-12-29 05:25:28,049 | SongBoardService | INFO | succeed to do 'GetNickName('hi')'
2022-12-29 05:25:56,151 | SongBoardService | INFO | error to do 'GetReadPost('hi', '중앙도서관', '20221229142151')'
2022-12-29 05:25:56,159 | SongBoardService | INFO | succeed to do 'GetNickName('hi')'
2022-12-29 05:26:06,830 | SongBoardService | INFO | error to do 'GetReadPost('hi', '중앙도서관', '20221229142151')'
2022-12-29 05:26:06,838 | SongBoardService | INFO | succeed to do 'GetNickName('hi')'
2022-12-29 05:28:56,149 | SongBoardService | INFO | succeed to do 'GetReadPost('hi', '중앙도서관', '20221229142151')'
2022-12-29 05:29:19,539 | SongBoardService | INFO | succeed to do 'GetAllPost()'
2022-12-29 05:29:22,419 | SongBoardService | INFO | succeed to do 'GetReadPost('hi', '중앙도서관', '20221229142151')'
2022-12-29 05:29:22,425 | SongBoardService | INFO | succeed to do 'GetNickName('hi')'
2022-12-29 05:29:34,989 | SongBoardService | INFO | succeed to do 'GetAllPost()'
2022-12-29 05:29:36,359 | SongBoardService | INFO | succeed to do 'GetReadPost('hi', '중앙도서관', '20221229142151')'
2022-12-29 05:29:36,365 | SongBoardService | INFO | succeed to do 'GetNickName('hi')'
2022-12-29 05:29:38,683 | SongBoardService | INFO | succeed to do 'GetAllPost()'
2022-12-29 05:29:40,629 | SongBoardService | INFO | succeed to do 'GetAllPost()'
2022-12-29 05:29:42,072 | SongBoardService | INFO | succeed to do 'GetReadPost('hi', '중앙도서관', '20221229142151')'
2022-12-29 05:29:42,078 | SongBoardService | INFO | succeed to do 'GetNickName('')'
2022-12-29 05:35:23,824 | SongBoardService | INFO | succeed to do 'GetReadPost('hi', '중앙도서관', '20221229142151')'
2022-12-29 05:35:23,830 | SongBoardService | INFO | succeed to do 'GetNickName('')'
2022-12-29 05:37:38,343 | SongBoardService | INFO | succeed to do 'GetReadPost('hi', '중앙도서관', '20221229142151')'
2022-12-29 05:37:38,350 | SongBoardService | INFO | succeed to do 'GetNickName('')'
2022-12-29 05:37:39,269 | SongBoardService | INFO | succeed to do 'GetReadPost('hi', '중앙도서관', '20221229142151')'
2022-12-29 05:37:39,281 | SongBoardService | INFO | succeed to do 'GetNickName('')'
2022-12-29 05:37:41,379 | SongBoardService | INFO | succeed to do 'GetReadPost('hi', '중앙도서관', '20221229142151')'
2022-12-29 05:37:41,385 | SongBoardService | INFO | succeed to do 'GetNickName('')'
2022-12-29 05:38:29,082 | SongBoardService | INFO | succeed to do 'GetReadPost('hi', '중앙도서관', '20221229142151')'
2022-12-29 05:38:30,400 | SongBoardService | INFO | succeed to do 'GetAllPost()'
2022-12-29 05:38:37,649 | SongBoardService | INFO | succeed to do 'GetLoginCheck('hi')'
2022-12-29 05:38:39,097 | SongBoardService | INFO | succeed to do 'GetAllPost()'
2022-12-29 05:38:42,164 | SongBoardService | INFO | succeed to do 'GetReadPost('hi', '중앙도서관', '20221229142151')'
2022-12-29 05:38:42,170 | SongBoardService | INFO | succeed to do 'GetNickName('hi')'
2022-12-29 05:38:44,722 | SongBoardService | INFO | succeed to do 'GetAllPost()'
2022-12-29 05:38:46,473 | SongBoardService | INFO | succeed to do 'GetReadPost('hi', '중앙도서관', '20221229142151')'
2022-12-29 05:38:46,479 | SongBoardService | INFO | succeed to do 'GetNickName('hi')'
2022-12-29 05:38:47,525 | SongBoardService | INFO | succeed to do 'GetAllPost()'
2022-12-29 05:38:48,324 | SongBoardService | INFO | succeed to do 'GetAllPost()'
2022-12-29 05:39:16,043 | SongBoardService | INFO | succeed to do 'GetLoginCheck('전스')'
2022-12-29 05:39:28,152 | SongBoardService | INFO | succeed to do 'GetLoginCheck('전스')'
2022-12-29 05:39:45,986 | SongBoardService | INFO | succeed to do 'GetLoginCheck('지능')'
2022-12-29 05:41:30,212 | SongBoardService | INFO | succeed to do 'GetLoginCheck('em')'
2022-12-29 05:41:31,677 | SongBoardService | INFO | succeed to do 'GetAllPost()'
2022-12-29 05:41:33,942 | SongBoardService | INFO | succeed to do 'GetReadPost('hi', '중앙도서관', '20221229142151')'
2022-12-29 05:41:33,948 | SongBoardService | INFO | succeed to do 'GetNickName('em')'
2022-12-29 05:41:36,087 | SongBoardService | INFO | succeed to do 'GetAllPost()'
2022-12-29 05:47:52,812 | SongBoardService | INFO | succeed to do 'GetAllPost()'
2022-12-29 05:47:53,902 | SongBoardService | INFO | succeed to do 'GetReadPost('hi', '중앙도서관', '20221229142151')'
2022-12-29 05:47:53,908 | SongBoardService | INFO | succeed to do 'GetNickName('em')'
2022-12-29 05:49:40,745 | SongBoardService | INFO | succeed to do 'GetNickName('em')'
2022-12-29 05:49:40,752 | SongBoardService | INFO | succeed to do 'GetCreatPost('dps', 'em', '노트북', '키보드
마우스', '20221229144940')'
2022-12-29 05:49:45,905 | SongBoardService | INFO | succeed to do 'GetReadPost('dps', '노트북', '20221229144940')'
2022-12-29 05:49:51,650 | SongBoardService | INFO | succeed to do 'GetReadPost('dps', '노트북', '20221229144940')'
2022-12-29 05:51:03,742 | SongBoardService | INFO | succeed to do 'GetNickName('em')'
2022-12-29 05:51:03,751 | SongBoardService | INFO | succeed to do 'GetCreatPost('dps', 'em', '노트북', '마우스
키보드', '20221229145103')'
2022-12-29 05:51:03,859 | SongBoardService | INFO | succeed to do 'GetReadPost('dps', '노트북', '20221229145103')'
2022-12-29 05:52:16,866 | SongBoardService | INFO | succeed to do 'GetReadPost('dps', '노트북', '20221229145103')'
2022-12-29 05:52:36,428 | SongBoardService | INFO | succeed to do 'GetNickName('em')'
2022-12-29 05:52:36,437 | SongBoardService | INFO | succeed to do 'GetCreatPost('dps', 'em', '노트북', '마우스<br>키보드', '20221229145236')'
2022-12-29 05:52:36,670 | SongBoardService | INFO | succeed to do 'GetReadPost('dps', '노트북', '20221229145236')'
2022-12-29 05:53:37,672 | SongBoardService | INFO | succeed to do 'GetReadPost('dps', '노트북', '20221229145236')'
2022-12-29 05:53:37,682 | SongBoardService | INFO | succeed to do 'GetNickName('em')'
2022-12-29 05:53:44,721 | SongBoardService | INFO | succeed to do 'GetAllPost()'
2022-12-29 05:53:49,608 | SongBoardService | INFO | succeed to do 'GetReadPost('dps', '노트북', '20221229145236')'
2022-12-29 05:53:49,616 | SongBoardService | INFO | succeed to do 'GetNickName('em')'
2022-12-29 05:58:42,554 | SongBoardService | INFO | succeed to do 'GetReadPost('dps', '노트북', '20221229145236')'
2022-12-29 05:58:42,572 | SongBoardService | INFO | succeed to do 'GetNickName('em')'
2022-12-29 05:58:48,680 | SongBoardService | INFO | succeed to do 'GetReadPost('dps', '노트북', '20221229145236')'
2022-12-29 05:58:48,687 | SongBoardService | INFO | succeed to do 'GetNickName('em')'
2022-12-29 05:58:49,903 | SongBoardService | INFO | succeed to do 'GetAllPost()'
2022-12-29 06:00:34,296 | SongBoardService | INFO | succeed to do 'GetAllPost()'
2022-12-29 06:01:02,654 | SongBoardService | INFO | succeed to do 'GetAllPost()'
2022-12-29 06:01:40,668 | SongBoardService | INFO | succeed to do 'GetDeleteID('전스')'
2022-12-29 06:01:48,220 | SongBoardService | INFO | succeed to do 'GetDeleteID('지능')'
2022-12-29 06:01:58,971 | SongBoardService | INFO | succeed to do 'GetDeleteID('3')'
2022-12-29 06:02:59,533 | SongBoardService | INFO | succeed to do 'GetDeletePost('hi', '2022-12-29 14:21:51')'
2022-12-29 06:03:25,153 | SongBoardService | INFO | succeed to do 'GetDeletePost('dps', '2022-12-29 14:49:40')'
2022-12-29 06:03:39,738 | SongBoardService | INFO | succeed to do 'GetDeletePost('dps', '2022-12-29 14:51:03')'
2022-12-29 06:03:57,569 | SongBoardService | INFO | succeed to do 'GetDeletePost('dps', '2022-12-29 14:52:36')'
2022-12-29 06:04:09,380 | SongBoardService | INFO | succeed to do 'GetAllPost()'
2022-12-29 06:09:39,677 | SongBoardService | INFO | succeed to do 'GetNickName('em')'
2022-12-29 06:09:39,692 | SongBoardService | INFO | succeed to do 'GetCreatPost('dps', 'em', '노트북', '마우스
키보드', '2022-12-29 15:09:39')'
2022-12-29 06:09:39,755 | SongBoardService | INFO | succeed to do 'GetReadPost('dps', '노트북', '2022-12-29 15:09:39')'
2022-12-29 06:09:39,807 | SongBoardService | INFO | succeed to do 'GetReadPost('', '', '')'
2022-12-29 06:10:44,709 | SongBoardService | INFO | succeed to do 'GetAllPost()'
2022-12-29 06:10:46,844 | SongBoardService | INFO | succeed to do 'GetAllPost()'
2022-12-29 06:11:37,380 | SongBoardService | INFO | succeed to do 'GetNickName('em')'
2022-12-29 06:11:37,391 | SongBoardService | INFO | succeed to do 'GetCreatPost('dps', 'em', '도서관 이용안내', '01. 1, 2층 자료실 이용시간 안내
02. 좌석 이용 시 개인 소지품 도난 주의!', '2022-12-29 15:11:37')'
2022-12-29 06:11:37,457 | SongBoardService | INFO | succeed to do 'GetReadPost('dps', '도서관 이용안내', '2022-12-29 15:11:37')'
2022-12-29 06:11:37,463 | SongBoardService | INFO | succeed to do 'GetNickName('em')'
2022-12-29 06:11:46,205 | SongBoardService | INFO | succeed to do 'GetAllPost()'
2022-12-29 06:11:48,161 | SongBoardService | INFO | succeed to do 'GetReadPost('dps', '도서관 이용안내', '2022-12-29 15:11:37')'
2022-12-29 06:11:48,167 | SongBoardService | INFO | succeed to do 'GetNickName('em')'
2022-12-29 06:17:15,943 | SongBoardService | INFO | succeed to do 'GetAllPost()'
2022-12-29 06:46:42,537 | SongBoardService | INFO | succeed to do 'GetAllPost()'
2022-12-29 06:52:32,078 | SongBoardService | INFO | succeed to do 'GetAllPost()'
2022-12-29 07:03:36,087 | SongBoardService | INFO | succeed to do 'GetAllPost()'
2022-12-29 07:03:37,120 | SongBoardService | INFO | succeed to do 'GetAllPost()'
2022-12-29 07:03:37,190 | SongBoardService | INFO | succeed to do 'GetReadPost('dps', '도서관 이용안내', '2022-12-29 15:11:37')'
2022-12-29 07:03:37,196 | SongBoardService | INFO | succeed to do 'GetNickName('em')'
2022-12-29 07:03:40,832 | SongBoardService | INFO | succeed to do 'GetAllPost()'
2022-12-29 07:03:40,908 | SongBoardService | INFO | succeed to do 'GetReadPost('인텔리', '은행나무', '2022-12-28 06:18:22')'
2022-12-29 07:03:40,931 | SongBoardService | INFO | succeed to do 'GetNickName('em')'
2022-12-29 07:03:47,263 | SongBoardService | INFO | succeed to do 'GetAllPost()'
2022-12-29 07:03:48,682 | SongBoardService | INFO | succeed to do 'GetAllPost()'
2022-12-29 07:03:48,739 | SongBoardService | INFO | succeed to do 'GetReadPost('인공', '인공지능사관학교', '2022-12-28 03:03:22')'
2022-12-29 07:03:48,749 | SongBoardService | INFO | succeed to do 'GetNickName('em')'
2022-12-29 07:03:50,344 | SongBoardService | INFO | succeed to do 'GetAllPost()'
2022-12-29 07:03:52,660 | SongBoardService | INFO | succeed to do 'GetAllPost()'
2022-12-29 07:03:52,746 | SongBoardService | INFO | succeed to do 'GetReadPost('hi', '안녕', '2022-12-28 00:01:02')'
2022-12-29 07:03:52,752 | SongBoardService | INFO | succeed to do 'GetNickName('em')'
2022-12-29 07:03:54,670 | SongBoardService | INFO | succeed to do 'GetAllPost()'
2022-12-29 07:04:11,839 | SongBoardService | INFO | succeed to do 'GetAllPost()'
2022-12-29 07:04:11,900 | SongBoardService | INFO | succeed to do 'GetReadPost('qwer', 'qwer', '2022-12-28 06:19:22')'
2022-12-29 07:04:11,908 | SongBoardService | INFO | succeed to do 'GetNickName('em')'
2022-12-29 07:04:13,230 | SongBoardService | INFO | succeed to do 'GetAllPost()'
2022-12-29 07:04:13,889 | SongBoardService | INFO | succeed to do 'GetAllPost()'
2022-12-29 07:04:13,953 | SongBoardService | INFO | succeed to do 'GetReadPost('dps', '노트북', '2022-12-29 15:09:39')'
2022-12-29 07:04:13,966 | SongBoardService | INFO | succeed to do 'GetNickName('em')'
2022-12-29 07:04:23,186 | SongBoardService | INFO | succeed to do 'GetAllPost()'
2022-12-29 07:05:34,519 | SongBoardService | INFO | succeed to do 'GetAllPost()'
2022-12-29 07:05:43,474 | SongBoardService | INFO | succeed to do 'GetAllPost()'
2022-12-29 07:06:20,739 | SongBoardService | INFO | succeed to do 'GetAllPost()'
2022-12-29 07:06:20,792 | SongBoardService | INFO | succeed to do 'GetReadPost('인텔리', '나무 인텔리전스 가고싶습니다.', '2022-12-28 06:16:22')'
2022-12-29 07:06:20,798 | SongBoardService | INFO | succeed to do 'GetNickName('em')'
2022-12-29 07:06:22,659 | SongBoardService | INFO | succeed to do 'GetAllPost()'
2022-12-29 07:15:53,664 | SongBoardService | INFO | succeed to do 'GetAllPost()'
2022-12-29 07:15:54,733 | SongBoardService | INFO | succeed to do 'GetAllPost()'
2022-12-29 07:15:54,788 | SongBoardService | INFO | succeed to do 'GetReadPost('dps', '도서관 이용안내', '2022-12-29 15:11:37')'
2022-12-29 07:15:54,793 | SongBoardService | INFO | succeed to do 'GetNickName('em')'
2022-12-29 07:16:02,027 | SongBoardService | INFO | succeed to do 'GetReadPost('dps', '도서관 이용안내', '2022-12-29 15:11:37')'
2022-12-29 07:16:02,035 | SongBoardService | INFO | succeed to do 'GetNickName('em')'
2022-12-29 07:16:09,015 | SongBoardService | INFO | succeed to do 'GetReadPost('dps', '도서관 이용안내', '2022-12-29 15:11:37')'
2022-12-29 07:16:09,026 | SongBoardService | INFO | succeed to do 'GetNickName('em')'
2022-12-29 07:16:10,030 | SongBoardService | INFO | succeed to do 'GetAllPost()'
2022-12-29 07:16:11,335 | SongBoardService | INFO | succeed to do 'GetAllPost()'
2022-12-29 07:16:11,396 | SongBoardService | INFO | succeed to do 'GetReadPost('인텔리', '은행나무', '2022-12-28 06:18:22')'
2022-12-29 07:16:11,401 | SongBoardService | INFO | succeed to do 'GetNickName('em')'
2022-12-29 07:16:13,744 | SongBoardService | INFO | succeed to do 'GetAllPost()'
2022-12-29 07:24:34,808 | SongBoardService | INFO | succeed to do 'GetAllPost()'
2022-12-29 07:24:34,887 | SongBoardService | INFO | succeed to do 'GetReadPost('dps', '도서관 이용안내', '2022-12-29 15:11:37')'
2022-12-29 07:24:34,894 | SongBoardService | INFO | succeed to do 'GetNickName('em')'
2022-12-29 07:24:38,960 | SongBoardService | INFO | succeed to do 'GetReadPost('dps', '도서관 이용안내', '2022-12-29 15:11:37')'
2022-12-29 07:24:38,965 | SongBoardService | INFO | succeed to do 'GetNickName('em')'
2022-12-29 07:24:40,945 | SongBoardService | INFO | succeed to do 'GetAllPost()'
2022-12-29 07:33:12,158 | SongBoardService | INFO | succeed to do 'GetAllPost()'
2022-12-29 07:33:14,877 | SongBoardService | INFO | succeed to do 'GetAllPost()'
2022-12-29 07:33:14,985 | SongBoardService | INFO | succeed to do 'GetReadPost('dps', '노트북', '2022-12-29 15:09:39')'
2022-12-29 07:33:14,994 | SongBoardService | INFO | succeed to do 'GetNickName('em')'
2022-12-29 07:33:25,868 | SongBoardService | INFO | succeed to do 'GetReadPost('dps', '노트북', '2022-12-29 15:09:39')'
2022-12-29 07:33:25,884 | SongBoardService | INFO | succeed to do 'GetNickName('em')'
2022-12-29 07:36:53,630 | SongBoardService | INFO | succeed to do 'GetAllPost()'
2022-12-29 07:36:55,052 | SongBoardService | INFO | succeed to do 'GetAllPost()'
2022-12-29 07:36:56,644 | SongBoardService | INFO | succeed to do 'GetAllPost()'
2022-12-29 07:36:56,804 | SongBoardService | INFO | succeed to do 'GetReadPost('dps', '노트북', '2022-12-29 15:09:39')'
2022-12-29 07:36:56,828 | SongBoardService | INFO | succeed to do 'GetNickName('em')'
2022-12-29 07:36:58,466 | SongBoardService | INFO | succeed to do 'GetReadPost('dps', '노트북', '2022-12-29 15:09:39')'
2022-12-29 07:38:32,610 | SongBoardService | INFO | succeed to do 'GetReadPost('dps', '노트북', '2022-12-29 15:09:39')'
2022-12-29 07:39:28,001 | SongBoardService | INFO | succeed to do 'GetReadPost('dps', '노트북', '2022-12-29 15:09:39')'
2022-12-29 07:39:30,355 | SongBoardService | INFO | succeed to do 'GetUpdatePost('dps', '노트북', '마우스
키보드', '2022-12-29 15:09:39')'
2022-12-29 07:39:30,549 | SongBoardService | INFO | succeed to do 'GetReadPost('dps', '노트북', '2022-12-29 15:09:39')'
2022-12-29 07:39:30,565 | SongBoardService | INFO | succeed to do 'GetNickName('em')'
2022-12-29 07:39:34,912 | SongBoardService | INFO | succeed to do 'GetReadPost('dps', '노트북', '2022-12-29 15:09:39')'
2022-12-29 07:39:34,942 | SongBoardService | INFO | succeed to do 'GetNickName('em')'
2022-12-29 07:43:29,382 | SongBoardService | INFO | succeed to do 'GetReadPost('dps', '노트북', '2022-12-29 15:09:39')'
2022-12-29 07:43:39,517 | SongBoardService | INFO | succeed to do 'GetUpdatePost('dps', '노트북', '마우스
키보드
충전기', '2022-12-29 15:09:39')'
2022-12-29 07:43:39,638 | SongBoardService | INFO | succeed to do 'GetReadPost('dps', '노트북', '2022-12-29 15:09:39')'
2022-12-29 07:43:39,651 | SongBoardService | INFO | succeed to do 'GetNickName('em')'
2022-12-29 07:44:14,644 | SongBoardService | INFO | succeed to do 'GetReadPost('dps', '노트북', '2022-12-29 15:09:39')'
2022-12-29 07:44:14,653 | SongBoardService | INFO | succeed to do 'GetNickName('em')'
2022-12-29 07:44:15,959 | SongBoardService | INFO | succeed to do 'GetReadPost('dps', '노트북', '2022-12-29 15:09:39')'
2022-12-29 07:44:24,736 | SongBoardService | INFO | succeed to do 'GetUpdatePost('dps', '노트북', '마우스
키보드
충전기
마우스 패드', '2022-12-29 15:09:39')'
2022-12-29 07:44:24,835 | SongBoardService | INFO | succeed to do 'GetReadPost('dps', '노트북', '2022-12-29 15:09:39')'
2022-12-29 07:44:24,842 | SongBoardService | INFO | succeed to do 'GetNickName('em')'
2022-12-29 07:44:30,879 | SongBoardService | INFO | succeed to do 'GetAllPost()'
2022-12-29 07:44:32,399 | SongBoardService | INFO | succeed to do 'GetAllPost()'
2022-12-29 07:44:32,509 | SongBoardService | INFO | succeed to do 'GetReadPost('dps', '노트북', '2022-12-29 15:09:39')'
2022-12-29 07:44:32,518 | SongBoardService | INFO | succeed to do 'GetNickName('em')'
2022-12-29 07:44:37,771 | SongBoardService | INFO | succeed to do 'GetAllPost()'
2022-12-29 07:44:39,026 | SongBoardService | INFO | succeed to do 'GetAllPost()'
2022-12-29 07:44:39,170 | SongBoardService | INFO | succeed to do 'GetReadPost('dps', '도서관 이용안내', '2022-12-29 15:11:37')'
2022-12-29 07:44:39,191 | SongBoardService | INFO | succeed to do 'GetNickName('em')'
2022-12-29 07:44:42,361 | SongBoardService | INFO | succeed to do 'GetReadPost('dps', '도서관 이용안내', '2022-12-29 15:11:37')'
2022-12-29 07:44:55,808 | SongBoardService | INFO | succeed to do 'GetUpdatePost('dps', '도서관 이용안내', '01. 1, 2층 자료실 이용시간 안내
02. 좌석 이용 시 개인 소지품 도난 주의!
03. 마스크를 반드시 착용해주세요!', '2022-12-29 15:11:37')'
2022-12-29 07:44:55,889 | SongBoardService | INFO | succeed to do 'GetReadPost('dps', '도서관 이용안내', '2022-12-29 15:11:37')'
2022-12-29 07:44:55,900 | SongBoardService | INFO | succeed to do 'GetNickName('em')'
2022-12-29 07:44:59,722 | SongBoardService | INFO | succeed to do 'GetAllPost()'
2022-12-29 07:45:00,858 | SongBoardService | INFO | succeed to do 'GetAllPost()'
2022-12-29 07:45:00,942 | SongBoardService | INFO | succeed to do 'GetReadPost('dps', '노트북', '2022-12-29 15:09:39')'
2022-12-29 07:45:00,949 | SongBoardService | INFO | succeed to do 'GetNickName('em')'
2022-12-29 07:45:02,157 | SongBoardService | INFO | succeed to do 'GetAllPost()'
2022-12-29 07:45:08,623 | SongBoardService | INFO | succeed to do 'GetAllPost()'
2022-12-29 07:45:08,730 | SongBoardService | INFO | succeed to do 'GetReadPost('hi', '안녕', '2022-12-28 00:01:02')'
2022-12-29 07:45:08,742 | SongBoardService | INFO | succeed to do 'GetNickName('em')'
2022-12-29 07:45:10,154 | SongBoardService | INFO | succeed to do 'GetAllPost()'
2022-12-29 07:45:11,025 | SongBoardService | INFO | succeed to do 'GetAllPost()'
2022-12-29 07:45:11,077 | SongBoardService | INFO | succeed to do 'GetReadPost('인텔리', '나무 인텔리전스 가고싶습니다.', '2022-12-28 06:16:22')'
2022-12-29 07:45:11,089 | SongBoardService | INFO | succeed to do 'GetNickName('em')'
2022-12-29 07:45:12,642 | SongBoardService | INFO | succeed to do 'GetAllPost()'
2022-12-29 07:45:14,632 | SongBoardService | INFO | succeed to do 'GetAllPost()'
2022-12-29 07:45:14,710 | SongBoardService | INFO | succeed to do 'GetReadPost('인텔리', '나무 인텔리전스', '2022-12-28 06:15:22')'
2022-12-29 07:45:14,717 | SongBoardService | INFO | succeed to do 'GetNickName('em')'
2022-12-29 07:45:15,907 | SongBoardService | INFO | succeed to do 'GetAllPost()'
2022-12-29 07:45:17,606 | SongBoardService | INFO | succeed to do 'GetAllPost()'
2022-12-29 07:45:17,726 | SongBoardService | INFO | succeed to do 'GetReadPost('dps', '프론트 엔드 개발', '2022-12-28 06:12:22')'
2022-12-29 07:45:17,733 | SongBoardService | INFO | succeed to do 'GetNickName('em')'
2022-12-29 07:45:20,809 | SongBoardService | INFO | succeed to do 'GetAllPost()'
2022-12-29 07:54:18,015 | SongBoardService | INFO | succeed to do 'GetAllPost()'
2022-12-29 07:54:19,195 | SongBoardService | INFO | succeed to do 'GetAllPost()'
2022-12-29 07:54:19,284 | SongBoardService | INFO | succeed to do 'GetReadPost('dps', '도서관 이용안내', '2022-12-29 15:11:37')'
2022-12-29 07:54:19,294 | SongBoardService | INFO | succeed to do 'GetNickName('em')'
2022-12-29 07:54:20,838 | SongBoardService | INFO | succeed to do 'GetReadPost('dps', '도서관 이용안내', '2022-12-29 15:11:37')'
2022-12-29 07:54:32,199 | SongBoardService | INFO | succeed to do 'GetReadPost('dps', '도서관 이용안내', '2022-12-29 15:11:37')'
2022-12-29 07:54:32,206 | SongBoardService | INFO | succeed to do 'GetNickName('em')'
2022-12-29 07:54:33,732 | SongBoardService | INFO | succeed to do 'GetAllPost()'
2022-12-29 07:54:35,210 | SongBoardService | INFO | succeed to do 'GetAllPost()'
2022-12-29 07:54:35,278 | SongBoardService | INFO | succeed to do 'GetReadPost('qwer', 'qwer', '2022-12-28 06:19:22')'
2022-12-29 07:54:35,286 | SongBoardService | INFO | succeed to do 'GetNickName('em')'
2022-12-29 07:54:36,358 | SongBoardService | INFO | succeed to do 'GetAllPost()'
2022-12-29 07:54:42,472 | SongBoardService | INFO | succeed to do 'GetAllPost()'
2022-12-29 07:55:30,519 | SongBoardService | INFO | succeed to do 'GetLoginCheck(' hi')'
2022-12-29 07:55:46,879 | SongBoardService | INFO | succeed to do 'GetLoginCheck(' hi')'
2022-12-29 07:55:51,526 | SongBoardService | INFO | succeed to do 'GetLoginCheck('hi')'
2022-12-29 07:55:52,587 | SongBoardService | INFO | succeed to do 'GetAllPost()'
2022-12-29 07:55:58,224 | SongBoardService | INFO | succeed to do 'GetAllPost()'
2022-12-29 07:55:58,304 | SongBoardService | INFO | succeed to do 'GetReadPost('hi', '안녕', '2022-12-28 00:01:02')'
2022-12-29 07:55:58,313 | SongBoardService | INFO | succeed to do 'GetNickName('hi')'
2022-12-29 07:56:00,656 | SongBoardService | INFO | succeed to do 'GetReadPost('hi', '안녕', '2022-12-28 00:01:02')'
2022-12-29 07:56:01,776 | SongBoardService | INFO | succeed to do 'GetDeletePost('hi', '2022-12-28 00:01:02')'
2022-12-29 07:56:01,895 | SongBoardService | INFO | succeed to do 'GetAllPost()'
2022-12-29 07:56:25,774 | SongBoardService | INFO | succeed to do 'GetAllPost()'
2022-12-29 07:56:25,837 | SongBoardService | INFO | succeed to do 'GetReadPost('인텔리', '나무 인텔리전스', '2022-12-28 06:15:22')'
2022-12-29 07:56:25,844 | SongBoardService | INFO | succeed to do 'GetNickName('hi')'
2022-12-29 07:56:28,997 | SongBoardService | INFO | succeed to do 'GetAllPost()'
2022-12-29 07:56:30,991 | SongBoardService | INFO | succeed to do 'GetAllPost()'
2022-12-29 07:56:31,049 | SongBoardService | INFO | succeed to do 'GetReadPost('qwer', 'qwer', '2022-12-28 06:19:22')'
2022-12-29 07:56:31,056 | SongBoardService | INFO | succeed to do 'GetNickName('hi')'
2022-12-29 07:56:32,099 | SongBoardService | INFO | succeed to do 'GetAllPost()'
2022-12-29 07:56:40,327 | SongBoardService | INFO | succeed to do 'GetAllPost()'
2022-12-29 07:56:40,388 | SongBoardService | INFO | succeed to do 'GetReadPost('dps', '도서관 이용안내', '2022-12-29 15:11:37')'
2022-12-29 07:56:40,395 | SongBoardService | INFO | succeed to do 'GetNickName('hi')'
2022-12-29 07:56:41,474 | SongBoardService | INFO | succeed to do 'GetAllPost()'
2022-12-29 07:56:49,938 | SongBoardService | INFO | succeed to do 'GetNickName('hi')'
2022-12-29 07:56:49,948 | SongBoardService | INFO | succeed to do 'GetCreatPost('hi', 'hi', 'kojko', 'i', '2022-12-29 16:56:49')'
2022-12-29 07:56:50,067 | SongBoardService | INFO | succeed to do 'GetReadPost('hi', 'kojko', '2022-12-29 16:56:49')'
2022-12-29 07:56:50,075 | SongBoardService | INFO | succeed to do 'GetNickName('hi')'
2022-12-29 07:56:51,784 | SongBoardService | INFO | succeed to do 'GetAllPost()'
2022-12-29 07:56:53,362 | SongBoardService | INFO | succeed to do 'GetAllPost()'
2022-12-29 07:56:53,425 | SongBoardService | INFO | succeed to do 'GetReadPost('hi', 'kojko', '2022-12-29 16:56:49')'
2022-12-29 07:56:53,435 | SongBoardService | INFO | succeed to do 'GetNickName('hi')'
2022-12-29 07:56:57,588 | SongBoardService | INFO | succeed to do 'GetReadPost('hi', 'kojko', '2022-12-29 16:56:49')'
2022-12-29 07:56:59,154 | SongBoardService | INFO | succeed to do 'GetDeletePost('hi', '2022-12-29 16:56:49')'
2022-12-29 07:56:59,253 | SongBoardService | INFO | succeed to do 'GetAllPost()'
2022-12-29 07:57:07,085 | SongBoardService | INFO | succeed to do 'GetAllPost()'
2022-12-29 07:57:07,140 | SongBoardService | INFO | succeed to do 'GetReadPost('dps', '노트북', '2022-12-29 15:09:39')'
2022-12-29 07:57:07,150 | SongBoardService | INFO | succeed to do 'GetNickName('hi')'
2022-12-29 07:57:10,598 | SongBoardService | INFO | succeed to do 'GetAllPost()'
2022-12-29 07:57:16,668 | SongBoardService | INFO | succeed to do 'GetAllPost()'
2022-12-29 07:57:16,740 | SongBoardService | INFO | succeed to do 'GetReadPost('인텔리', '은행나무', '2022-12-28 06:18:22')'
2022-12-29 07:57:16,749 | SongBoardService | INFO | succeed to do 'GetNickName('hi')'
2022-12-29 07:57:19,547 | SongBoardService | INFO | succeed to do 'GetAllPost()'
2022-12-29 07:58:57,426 | SongBoardService | INFO | succeed to do 'GetDeletePost('인공', '2022-12-28 03:03:22')'
2022-12-29 07:59:05,215 | SongBoardService | INFO | succeed to do 'GetDeletePost('인공', '2022-12-28 06:03:22')'
2022-12-29 07:59:10,343 | SongBoardService | INFO | succeed to do 'GetAllPost()'
2022-12-29 07:59:15,920 | SongBoardService | INFO | succeed to do 'GetDeletePost('인공', '2022-12-28 06:12:22')'
2022-12-29 07:59:18,580 | SongBoardService | INFO | succeed to do 'GetAllPost()'
2022-12-29 07:59:28,336 | SongBoardService | INFO | succeed to do 'GetDeletePost('인텔리', '2022-12-28 06:18:22')'
2022-12-29 07:59:33,873 | SongBoardService | INFO | succeed to do 'GetDeletePost('인텔리', '2022-12-28 06:16:22')'
2022-12-29 07:59:38,675 | SongBoardService | INFO | succeed to do 'GetDeletePost('인텔리', '2022-12-28 06:15:22')'
2022-12-29 07:59:40,805 | SongBoardService | INFO | succeed to do 'GetAllPost()'
